#
# A fatal error has been detected by the Java Runtime Environment:
#
#  EXCEPTION_ACCESS_VIOLATION (0xc0000005) at pc=0x00007ff928363004, pid=23912, tid=26136
#
# JRE version: Java(TM) SE Runtime Environment (24.0+36) (build 24+36-3646)
# Java VM: Java HotSpot(TM) 64-Bit Server VM (24+36-3646, mixed mode, emulated-client, sharing, tiered, compressed oops, compressed class ptrs, g1 gc, windows-amd64)
# Problematic frame:
# C  [libasyncProfiler.dll+0x93004]
#
# No core dump will be written. Minidumps are not enabled by default on client versions of Windows
#
# JFR recording file will be written. Location: C:\wamp64\www\face-attendance-system\backend\face-attendance\hs_err_pid23912.jfr
#
# If you would like to submit a bug report, please visit:
#   https://bugreport.java.com/bugreport/crash.jsp
# The crash happened outside the Java Virtual Machine in native code.
# See problematic frame for where to report the bug.
#

---------------  S U M M A R Y ------------

Command Line: -XX:TieredStopAtLevel=1 -Dspring.output.ansi.enabled=always -Dcom.sun.management.jmxremote -Dspring.jmx.enabled=true -Dspring.liveBeansView.mbeanDomain -Dspring.application.admin.enabled=true -Dmanagement.endpoints.jmx.exposure.include=* -javaagent:C:\Program Files\JetBrains\IntelliJ IDEA 2024.3.5\lib\idea_rt.jar=51249 -Dfile.encoding=UTF-8 -Dsun.stdout.encoding=UTF-8 -Dsun.stderr.encoding=UTF-8 com.tathanhloc.faceattendance.FaceAttendanceApplication

Host: AMD Ryzen 7 5800H with Radeon Graphics         , 16 cores, 15G,  Windows 11 , 64 bit Build 26100 (10.0.26100.3775)
Time: Sun Apr 20 22:07:22 2025 SE Asia Standard Time elapsed time: 144.911988 seconds (0d 0h 2m 24s)

---------------  T H R E A D  ---------------

Current thread (0x000001c6e5081350):  JavaThread "Attach Listener" daemon [_thread_in_native, id=26136, stack(0x000000c04a900000,0x000000c04aa00000) (1024K)]

Stack: [0x000000c04a900000,0x000000c04aa00000],  sp=0x000000c04a9febf0,  free space=1018k
Native frames: (J=compiled Java code, j=interpreted, Vv=VM code, C=native code)
C  [libasyncProfiler.dll+0x93004]  (no source info available)
C  [libasyncProfiler.dll+0x934db]  (no source info available)
C  [libasyncProfiler.dll+0x92134]  (no source info available)
C  [libasyncProfiler.dll+0x929aa]  (no source info available)
C  [libasyncProfiler.dll+0x8d561]  (no source info available)
C  [libasyncProfiler.dll+0x7ef21]  (no source info available)
C  [libasyncProfiler.dll+0x7dc38]  (no source info available)
C  [libasyncProfiler.dll+0x7db20]  (no source info available)
C  [libasyncProfiler.dll+0x84af9]  (no source info available)
V  [jvm.dll+0x57f1b7]  (no source info available)
V  [jvm.dll+0x57ff2c]  (no source info available)
V  [jvm.dll+0x14c9b7]  (no source info available)
V  [jvm.dll+0x14df81]  (no source info available)
V  [jvm.dll+0x42f566]  (no source info available)
V  [jvm.dll+0x87d8fb]  (no source info available)
V  [jvm.dll+0x72efe5]  (no source info available)
C  [ucrtbase.dll+0x37b0]  (no source info available)
C  [KERNEL32.DLL+0x2e8d7]  (no source info available)
C  [ntdll.dll+0xb14fc]  (no source info available)


siginfo: EXCEPTION_ACCESS_VIOLATION (0xc0000005), reading address 0xffffffffffffffff


Registers:
RAX=0x0000000000000010, RBX=0x0000000000000000, RCX=0xffffffffffffffff, RDX=0x007ff8a32f2ff010
RSP=0x000000c04a9febf0, RBP=0x000001c6c867f170, RSI=0x000000c04a9fed60, RDI=0x000001c6c867f170
R8 =0x0000000000000042, R9 =0x0000000709e00000, R10=0x00007ff8a3569fc0, R11=0x0000000000000054
R12=0x000000c04a9fed60, R13=0x000001c6c71f0be0, R14=0x000001c6e5081718, R15=0x000001c6e5081718
RIP=0x00007ff928363004, EFLAGS=0x0000000000010202

XMM[0]=0x0000000000000000 0x0000000000000000
XMM[1]=0x0000000000000000 0x0000000000000000
XMM[2]=0x0000000000000000 0x0000000000000000
XMM[3]=0x0000000000000000 0x0000000000000000
XMM[4]=0x0000000000000000 0x0000000000000000
XMM[5]=0x0000000000000000 0x0000000000000000
XMM[6]=0x0000000000000000 0x0000000000000000
XMM[7]=0x0000000000000000 0x0000000000000000
XMM[8]=0x0000000000000000 0x0000000000000000
XMM[9]=0x0000000000000000 0x0000000000000000
XMM[10]=0x0000000000000000 0x0000000000000000
XMM[11]=0x0000000000000000 0x0000000000000000
XMM[12]=0x0000000000000000 0x0000000000000000
XMM[13]=0x0000000000000000 0x0000000000000000
XMM[14]=0x0000000000000000 0x0000000000000000
XMM[15]=0x0000000000000000 0x0000000000000000
  MXCSR=0x00001fa0


Register to memory mapping:

RAX=0x0000000000000010 is an unknown value
RBX=0x0 is null
RCX=0xffffffffffffffff is an unknown value
RDX=0x007ff8a32f2ff010 is an unknown value
RSP=0x000000c04a9febf0 is pointing into the stack for thread: 0x000001c6e5081350
RBP=0x000001c6c867f170 points into unknown readable memory: 0x0000000709e00000 | 00 00 e0 09 07 00 00 00
RSI=0x000000c04a9fed60 is pointing into the stack for thread: 0x000001c6e5081350
RDI=0x000001c6c867f170 points into unknown readable memory: 0x0000000709e00000 | 00 00 e0 09 07 00 00 00
R8 =0x0000000000000042 is an unknown value
R9 =0x0000000709e00000 is an oop: java.lang.ref.Reference$ReferenceHandler 
{0x0000000709e00000} - klass: 'java/lang/ref/Reference$ReferenceHandler' - flags: 

 - ---- fields (total size 14 words):
 - 'threadLocalRandomProbe' 'I' @12  0 (0x00000000)
 - private volatile 'eetop' 'J' @16  1953757649168 (0x000001c6e507d910)
 - private final 'tid' 'J' @24  15 (0x000000000000000f)
 - 'threadLocalRandomSeed' 'J' @32  0 (0x0000000000000000)
 - injected 'jvmti_thread_state' 'J' @40  1953232588544 (0x000001c6c5bc0f00)
 - 'threadLocalRandomSecondarySeed' 'I' @48  0 (0x00000000)
 - injected 'jvmti_VTMS_transition_disable_count' 'I' @52  0 (0x00000000)
 - injected 'jfr_epoch' 'S' @56  0 (0x0000)
 - volatile 'interrupted' 'Z' @58  false (0x00)
 - injected 'jvmti_is_in_VTMS_transition' 'Z' @59  false (0x00)
 - private volatile 'name' 'Ljava/lang/String;' @60  "Reference Handler"{0x0000000709e53300} (0xe13ca660)
 - private volatile 'contextClassLoader' 'Ljava/lang/ClassLoader;' @64  null (0x00000000)
 - private final 'holder' 'Ljava/lang/Thread$FieldHolder;' @68  a 'java/lang/Thread$FieldHolder'{0x00000007099c9028} (0xe1339205)
 - 'threadLocals' 'Ljava/lang/ThreadLocal$ThreadLocalMap;' @72  null (0x00000000)
 - 'inheritableThreadLocals' 'Ljava/lang/ThreadLocal$ThreadLocalMap;' @76  null (0x00000000)
 - private 'scopedValueBindings' 'Ljava/lang/Object;' @80  a 'java/lang/Class'{0x0000000709e00858} = 'java/lang/Thread' (0xe13c010b)
 - final 'interruptLock' 'Ljava/lang/Object;' @84  a 'java/lang/Object'{0x00000007099c9050} (0xe133920a)
 - private volatile 'parkBlocker' 'Ljava/lang/Object;' @88  null (0x00000000)
 - private 'nioBlocker' 'Lsun/nio/ch/Interruptible;' @92  null (0x00000000)
 - private 'cont' 'Ljdk/internal/vm/Continuation;' @96  null (0x00000000)
 - private volatile 'uncaughtExceptionHandler' 'Ljava/lang/Thread$UncaughtExceptionHandler;' @100  null (0x00000000)
 - private 'container' 'Ljdk/internal/vm/ThreadContainer;' @104  null (0x00000000)
 - private volatile 'headStackableScopes' 'Ljdk/internal/vm/StackableScope;' @108  null (0x00000000)
R10=0x00007ff8a3569fc0 jvm.dll
R11=0x0000000000000054 is an unknown value
R12=0x000000c04a9fed60 is pointing into the stack for thread: 0x000001c6e5081350
R13=0x000001c6c71f0be0 points into unknown readable memory: 0x00007ff8a34da510 | 10 a5 4d a3 f8 7f 00 00
R14=0x000001c6e5081718 points into unknown readable memory: 0x00007ff8a34d17b0 | b0 17 4d a3 f8 7f 00 00
R15=0x000001c6e5081718 points into unknown readable memory: 0x00007ff8a34d17b0 | b0 17 4d a3 f8 7f 00 00

Top of Stack: (sp=0x000000c04a9febf0)
0x000000c04a9febf0:   000000c04a9fed60 000001c6c867f170   `..J....p.g.....
0x000000c04a9fec00:   0000000000000000 000001c6e5081aa0   ................
0x000000c04a9fec10:   0000000000000030 00007ff9283634db   0........46(....
0x000000c04a9fec20:   0000000000000000 000001c6e5081718   ................
0x000000c04a9fec30:   000000c04a9fed01 0000000000000000   ...J............
0x000000c04a9fec40:   000001c6c8c2ba00 00007ff928362134   ........4!6(....
0x000000c04a9fec50:   0000000000000000 0000000000000030   ........0.......
0x000000c04a9fec60:   0000000000000000 0000000000000030   ........0.......
0x000000c04a9fec70:   00000013c58a7e78 000001c6c82eae90   x~..............
0x000000c04a9fec80:   000001c6c8c2ba00 000001c6c8c2bac0   ................
0x000000c04a9fec90:   000001c6c8c2bafc 0000000000002258   ........X"......
0x000000c04a9feca0:   0000000000000000 0000000000000000   ................
0x000000c04a9fecb0:   0000000000000000 00007ff8a2d358e4   .........X......
0x000000c04a9fecc0:   00007ff9284bae00 0000000000005d68   ..K(....h]......
0x000000c04a9fecd0:   00007ff9284bae00 00000000ffffffff   ..K(............
0x000000c04a9fece0:   0000000000000000 00007ff9283629aa   .........)6(....
0x000000c04a9fecf0:   000001c6e5081718 0000000000000000   ................
0x000000c04a9fed00:   000000c04a9fed69 000001c6c71f0be0   i..J............
0x000000c04a9fed10:   0000000000000004 0000000000000048   ........H.......
0x000000c04a9fed20:   0000000800800310 0000000000000020   ........ .......
0x000000c04a9fed30:   000001c6e5081718 00007ff9284bae00   ..........K(....
0x000000c04a9fed40:   000001c6e5083100 000001c6c5bc0f00   .1..............
0x000000c04a9fed50:   0000000800800390 000001c6e5081718   ................
0x000000c04a9fed60:   000001c6c813ae10 000001c6c813b410   ................
0x000000c04a9fed70:   000001c6c813b410 00007ff9284bae00   ..........K(....
0x000000c04a9fed80:   000001c6c58a7e78 000000c04a9feef8   x~.........J....
0x000000c04a9fed90:   000000c04a9ff030 0000000000008840   0..J....@.......
0x000000c04a9feda0:   000000c04a9ff210 00007ff9284bae50   ...J....P.K(....
0x000000c04a9fedb0:   0000000000989680 0000000000989680   ................
0x000000c04a9fedc0:   000000c04a9feed0 00007ff92835d561   ...J....a.5(....
0x000000c04a9fedd0:   00007ff9284bae00 00007ff9284bae58   ..K(....X.K(....
0x000000c04a9fede0:   00007ff900000000 00007ff800000001   ................

Instructions: (pc=0x00007ff928363004)
  0x00007ff928362f04:   cc cc cc cc cc cc cc cc cc cc cc cc cc cc cc cc
  0x00007ff928362f14:   cc cc cc cc cc cc cc cc cc cc cc cc cc cc cc cc
  0x00007ff928362f24:   cc cc cc cc cc cc cc cc cc cc cc cc cc cc cc cc
  0x00007ff928362f34:   cc cc cc cc cc cc cc cc cc cc cc cc cc cc cc cc
  0x00007ff928362f44:   cc cc cc cc cc cc cc cc cc cc cc cc cc cc cc cc
  0x00007ff928362f54:   cc cc cc cc cc cc cc cc cc cc cc cc cc cc cc cc
  0x00007ff928362f64:   cc cc cc cc cc cc cc cc cc cc cc cc cc cc cc cc
  0x00007ff928362f74:   cc cc cc cc cc cc cc cc cc cc cc cc cc cc cc cc
  0x00007ff928362f84:   cc cc cc cc cc cc cc cc cc cc cc cc 40 57 48 83
  0x00007ff928362f94:   ec 20 48 8b f9 48 8b 0d 30 80 15 00 48 85 c9 74
  0x00007ff928362fa4:   20 48 8b 01 48 8d 54 24 38 41 b8 06 00 01 00 4c
  0x00007ff928362fb4:   8b 48 30 41 ff d1 85 c0 75 07 48 8b 4c 24 38 eb
  0x00007ff928362fc4:   02 33 c9 4c 8b 05 0a 81 15 00 48 89 5c 24 30 4d
  0x00007ff928362fd4:   85 c0 74 4a 48 8b 01 48 8b d7 4c 8b 88 28 03 00
  0x00007ff928362fe4:   00 41 ff d1 48 85 c0 74 35 48 63 0d b8 3d 15 00
  0x00007ff928362ff4:   48 8b 14 01 48 85 d2 74 15 48 63 05 bc 3d 15 00
=>0x00007ff928363004:   8b 04 10 48 8b 5c 24 30 48 83 c4 20 5f c3 b8 ff
  0x00007ff928363014:   ff ff ff 48 8b 5c 24 30 48 83 c4 20 5f c3 80 3d
  0x00007ff928363024:   bb 7f 15 00 00 bb ff ff ff ff 74 20 4c 8b 0d 51
  0x00007ff928363034:   7c 15 00 4c 8d 44 24 38 48 8b 0d 35 7c 15 00 48
  0x00007ff928363044:   8b d7 41 ff d1 85 c0 0f 44 5c 24 38 8b c3 48 8b
  0x00007ff928363054:   5c 24 30 48 83 c4 20 5f c3 cc cc cc cc cc cc cc
  0x00007ff928363064:   cc cc cc cc cc cc cc cc cc cc cc cc cc cc cc cc
  0x00007ff928363074:   cc cc cc cc cc cc cc cc cc cc cc cc cc cc cc cc
  0x00007ff928363084:   cc cc cc cc cc cc cc cc cc cc cc cc 48 89 54 24
  0x00007ff928363094:   10 53 55 56 57 41 56 41 57 48 83 ec 28 48 8b f2
  0x00007ff9283630a4:   4c 8b f1 48 89 4c 24 78 45 33 ff 44 89 7c 24 68
  0x00007ff9283630b4:   c7 44 24 60 01 00 00 00 48 8d 4c 24 68 e8 69 3c
  0x00007ff9283630c4:   f7 ff 8b d8 48 8d 4c 24 60 e8 5d 3c f7 ff 8b e8
  0x00007ff9283630d4:   49 8b ce e8 33 f3 f6 ff 48 8b f8 90 8b c3 f0 0f
  0x00007ff9283630e4:   b1 2f 74 04 f3 90 eb f4 4c 89 3e 4c 89 7e 08 4c
  0x00007ff9283630f4:   89 7e 10 49 8b 6e 08 4d 8b 76 10 49 3b ee 0f 84


Stack slot to memory mapping:

stack at sp + 0 slots: 0x000000c04a9fed60 is pointing into the stack for thread: 0x000001c6e5081350
stack at sp + 1 slots: 0x000001c6c867f170 points into unknown readable memory: 0x0000000709e00000 | 00 00 e0 09 07 00 00 00
stack at sp + 2 slots: 0x0 is null
stack at sp + 3 slots: 0x000001c6e5081aa0 points into unknown readable memory: 0x6e616c2e6176616a | 6a 61 76 61 2e 6c 61 6e
stack at sp + 4 slots: 0x0000000000000030 is an unknown value
stack at sp + 5 slots: 0x00007ff9283634db libasyncProfiler.dll
stack at sp + 6 slots: 0x0 is null
stack at sp + 7 slots: 0x000001c6e5081718 points into unknown readable memory: 0x00007ff8a34d17b0 | b0 17 4d a3 f8 7f 00 00

Lock stack of current Java thread (top to bottom):


---------------  P R O C E S S  ---------------

Threads class SMR info:
_java_thread_list=0x000001c6c8a82970, length=25, elements={
0x000001c6e507d910, 0x000001c6e507e050, 0x000001c6e5080820, 0x000001c6e5081350,
0x000001c6e5084630, 0x000001c6e5088db0, 0x000001c6e508d550, 0x000001c6e5086920,
0x000001c6e5087070, 0x000001c6e5088660, 0x000001c6e5085a80, 0x000001c6e50861d0,
0x000001c6e5087f10, 0x000001c6c6349160, 0x000001c6c634bd40, 0x000001c6c634d330,
0x000001c6c8569f30, 0x000001c6c856f6f0, 0x000001c6c856add0, 0x000001c6c856c3c0,
0x000001c6c5c62f50, 0x000001c6c5c64d90, 0x000001c6c5c65520, 0x000001c6c856bc70,
0x000001c6c8569090
}

Java Threads: ( => current thread )
  0x000001c6e507d910 JavaThread "Reference Handler"          daemon [_thread_blocked, id=8484, stack(0x000000c04a600000,0x000000c04a700000) (1024K)]
  0x000001c6e507e050 JavaThread "Finalizer"                  daemon [_thread_blocked, id=34756, stack(0x000000c04a700000,0x000000c04a800000) (1024K)]
  0x000001c6e5080820 JavaThread "Signal Dispatcher"          daemon [_thread_blocked, id=35492, stack(0x000000c04a800000,0x000000c04a900000) (1024K)]
=>0x000001c6e5081350 JavaThread "Attach Listener"            daemon [_thread_in_native, id=26136, stack(0x000000c04a900000,0x000000c04aa00000) (1024K)]
  0x000001c6e5084630 JavaThread "Service Thread"             daemon [_thread_blocked, id=25968, stack(0x000000c04aa00000,0x000000c04ab00000) (1024K)]
  0x000001c6e5088db0 JavaThread "Monitor Deflation Thread"   daemon [_thread_blocked, id=34748, stack(0x000000c04ab00000,0x000000c04ac00000) (1024K)]
  0x000001c6e508d550 JavaThread "C1 CompilerThread0"         daemon [_thread_blocked, id=4232, stack(0x000000c04ac00000,0x000000c04ad00000) (1024K)]
  0x000001c6e5086920 JavaThread "Common-Cleaner"             daemon [_thread_blocked, id=6040, stack(0x000000c04ae00000,0x000000c04af00000) (1024K)]
  0x000001c6e5087070 JavaThread "Monitor Ctrl-Break"         daemon [_thread_in_native, id=3816, stack(0x000000c04b000000,0x000000c04b100000) (1024K)]
  0x000001c6e5088660 JavaThread "Notification Thread"        daemon [_thread_blocked, id=7556, stack(0x000000c04b100000,0x000000c04b200000) (1024K)]
  0x000001c6e5085a80 JavaThread "RMI TCP Accept-0"           daemon [_thread_in_native, id=34308, stack(0x000000c04b300000,0x000000c04b400000) (1024K)]
  0x000001c6e50861d0 JavaThread "RMI Scheduler(0)"           daemon [_thread_blocked, id=11668, stack(0x000000c04b500000,0x000000c04b600000) (1024K)]
  0x000001c6e5087f10 JavaThread "JMX server connection timeout 40" daemon [_thread_blocked, id=14380, stack(0x000000c04b600000,0x000000c04b700000) (1024K)]
  0x000001c6c6349160 JavaThread "mysql-cj-abandoned-connection-cleanup" daemon [_thread_blocked, id=14156, stack(0x000000c04c900000,0x000000c04ca00000) (1024K)]
  0x000001c6c634bd40 JavaThread "RMI TCP Connection(2)-192.168.101.79" daemon [_thread_in_native, id=25532, stack(0x000000c04cd00000,0x000000c04ce00000) (1024K)]
  0x000001c6c634d330 JavaThread "Live Reload Server"         daemon [_thread_in_native, id=7932, stack(0x000000c04d300000,0x000000c04d400000) (1024K)]
  0x000001c6c8569f30 JavaThread "DestroyJavaVM"                     [_thread_blocked, id=16176, stack(0x000000c049e00000,0x000000c049f00000) (1024K)]
  0x000001c6c856f6f0 JavaThread "Thread-5"                          [_thread_blocked, id=3164, stack(0x000000c049b00000,0x000000c049c00000) (1024K)]
  0x000001c6c856add0 JavaThread "File Watcher"               daemon [_thread_blocked, id=34160, stack(0x000000c049c00000,0x000000c049d00000) (1024K)]
  0x000001c6c856c3c0 JavaThread "File Watcher"               daemon [_thread_blocked, id=22008, stack(0x000000c049d00000,0x000000c049e00000) (1024K)]
  0x000001c6c5c62f50 JavaThread "C1 CompilerThread1"         daemon [_thread_blocked, id=28788, stack(0x000000c04ad00000,0x000000c04ae00000) (1024K)]
  0x000001c6c5c64d90 JavaThread "C1 CompilerThread2"         daemon [_thread_blocked, id=35432, stack(0x000000c04af00000,0x000000c04b000000) (1024K)]
  0x000001c6c5c65520 JavaThread "C1 CompilerThread3"         daemon [_thread_blocked, id=15336, stack(0x000000c04b200000,0x000000c04b300000) (1024K)]
  0x000001c6c856bc70 JavaThread "JFR Recorder Thread"        daemon [_thread_in_native, id=18948, stack(0x000000c04b400000,0x000000c04b500000) (1024K)]
  0x000001c6c8569090 JavaThread "JFR Periodic Tasks"         daemon [_thread_blocked, id=8792, stack(0x000000c04b700000,0x000000c04b800000) (1024K)]
Total: 25

Other Threads:
  0x000001c6e4f2f010 VMThread "VM Thread"                           [id=13200, stack(0x000000c04a500000,0x000000c04a600000) (1024K)]
  0x000001c6e4f39050 WatcherThread "VM Periodic Task Thread"        [id=20304, stack(0x000000c04a400000,0x000000c04a500000) (1024K)]
  0x000001c6d1628c90 WorkerThread "GC Thread#0"                     [id=2728, stack(0x000000c049f00000,0x000000c04a000000) (1024K)]
  0x000001c6c6325fa0 WorkerThread "GC Thread#1"                     [id=14356, stack(0x000000c04b900000,0x000000c04ba00000) (1024K)]
  0x000001c6c63250e0 WorkerThread "GC Thread#2"                     [id=5384, stack(0x000000c04ba00000,0x000000c04bb00000) (1024K)]
  0x000001c6c63280d0 WorkerThread "GC Thread#3"                     [id=34192, stack(0x000000c04bb00000,0x000000c04bc00000) (1024K)]
  0x000001c6c6326700 WorkerThread "GC Thread#4"                     [id=31048, stack(0x000000c04bc00000,0x000000c04bd00000) (1024K)]
  0x000001c6c63245d0 WorkerThread "GC Thread#5"                     [id=28200, stack(0x000000c04bd00000,0x000000c04be00000) (1024K)]
  0x000001c6c6324980 WorkerThread "GC Thread#6"                     [id=34512, stack(0x000000c04be00000,0x000000c04bf00000) (1024K)]
  0x000001c6c6324d30 WorkerThread "GC Thread#7"                     [id=21300, stack(0x000000c04bf00000,0x000000c04c000000) (1024K)]
  0x000001c6c6326e60 WorkerThread "GC Thread#8"                     [id=35584, stack(0x000000c04c300000,0x000000c04c400000) (1024K)]
  0x000001c6c6325840 WorkerThread "GC Thread#9"                     [id=16988, stack(0x000000c04c400000,0x000000c04c500000) (1024K)]
  0x000001c6c6909640 WorkerThread "GC Thread#10"                    [id=24308, stack(0x000000c04c500000,0x000000c04c600000) (1024K)]
  0x000001c6c6909290 WorkerThread "GC Thread#11"                    [id=13740, stack(0x000000c04c600000,0x000000c04c700000) (1024K)]
  0x000001c6c69078c0 WorkerThread "GC Thread#12"                    [id=35232, stack(0x000000c04c200000,0x000000c04c300000) (1024K)]
  0x000001c6d163ed20 ConcurrentGCThread "G1 Main Marker"            [id=18044, stack(0x000000c04a000000,0x000000c04a100000) (1024K)]
  0x000001c6d1642ca0 WorkerThread "G1 Conc#0"                       [id=23160, stack(0x000000c04a100000,0x000000c04a200000) (1024K)]
  0x000001c6c69099f0 WorkerThread "G1 Conc#1"                       [id=20236, stack(0x000000c04c700000,0x000000c04c800000) (1024K)]
  0x000001c6c6908780 WorkerThread "G1 Conc#2"                       [id=14848, stack(0x000000c04c800000,0x000000c04c900000) (1024K)]
  0x000001c6e4f23580 ConcurrentGCThread "G1 Refine#0"               [id=13944, stack(0x000000c04a200000,0x000000c04a300000) (1024K)]
  0x000001c6e4f23db0 ConcurrentGCThread "G1 Service"                [id=24536, stack(0x000000c04a300000,0x000000c04a400000) (1024K)]
Total: 21

Threads with active compile tasks:
Total: 0

VM state: not at safepoint (normal execution)

VM Mutex/Monitor currently owned by a thread: None

Heap address: 0x0000000709800000, size: 3944 MB, Compressed Oops mode: Zero based, Oop shift amount: 3

CDS archive(s) mapped at: [0x000001c680000000-0x000001c680d40000-0x000001c680d40000), size 13893632, SharedBaseAddress: 0x000001c680000000, ArchiveRelocationMode: 1.
Compressed class space mapped at: 0x000001c681000000-0x000001c6c1000000, reserved size: 1073741824
UseCompressedClassPointers 1, UseCompactObjectHeaders 0
Narrow klass pointer bits 32, Max shift 3
Narrow klass base: 0x000001c680000000, Narrow klass shift: 0
Encoding Range: [0x000001c680000000 - 0x000001c780000000), (4294967296 bytes)
Klass Range:    [0x000001c680000000 - 0x000001c6c1000000), (1090519040 bytes)
Klass ID Range:  [8 - 1090519033) (1090519025)

GC Precious Log:
 CardTable entry size: 512
 Card Set container configuration: InlinePtr #cards 4 size 8 Array Of Cards #cards 16 size 48 Howl #buckets 8 coarsen threshold 3686 Howl Bitmap #cards 512 size 80 coarsen threshold 460 Card regions per heap region 1 cards per card region 4096
 CPUs: 16 total, 16 available
 Memory: 15773M
 Large Page Support: Disabled
 NUMA Support: Disabled
 Compressed Oops: Enabled (Zero based)
 Heap Region Size: 2M
 Heap Min Capacity: 8M
 Heap Initial Capacity: 248M
 Heap Max Capacity: 3944M
 Pre-touch: Disabled
 Parallel Workers: 13
 Concurrent Workers: 3
 Concurrent Refinement Workers: 13
 Periodic GC: Disabled

Heap:
 garbage-first heap   total reserved 4038656K, committed 114688K, used 58362K [0x0000000709800000, 0x0000000800000000)
  region size 2048K, 9 young (18432K), 1 survivors (2048K)
 Metaspace       used 88466K, committed 89536K, reserved 1179648K
  class space    used 10294K, committed 10688K, reserved 1048576K

Heap Regions: E=young(eden), S=young(survivor), O=old, HS=humongous(starts), HC=humongous(continues), CS=collection set, F=free, TAMS=top-at-mark-start, PB=parsable bottom
|   0|0x0000000709800000, 0x00000007099ff190, 0x0000000709a00000| 99%| O|  |TAMS 0x0000000709800000| PB 0x0000000709800000| Untracked |  0
|   1|0x0000000709a00000, 0x0000000709c00000, 0x0000000709c00000|100%| O|  |TAMS 0x0000000709a00000| PB 0x0000000709a00000| Untracked |  0
|   2|0x0000000709c00000, 0x0000000709dfffb8, 0x0000000709e00000| 99%| O|  |TAMS 0x0000000709c00000| PB 0x0000000709c00000| Untracked |  0
|   3|0x0000000709e00000, 0x0000000709ffffd0, 0x000000070a000000| 99%| O|  |TAMS 0x0000000709e00000| PB 0x0000000709e00000| Untracked |  0
|   4|0x000000070a000000, 0x000000070a200000, 0x000000070a200000|100%| O|  |TAMS 0x000000070a000000| PB 0x000000070a000000| Untracked |  0
|   5|0x000000070a200000, 0x000000070a400000, 0x000000070a400000|100%| O|  |TAMS 0x000000070a200000| PB 0x000000070a200000| Untracked |  0
|   6|0x000000070a400000, 0x000000070a5fffd0, 0x000000070a600000| 99%| O|  |TAMS 0x000000070a400000| PB 0x000000070a400000| Untracked |  0
|   7|0x000000070a600000, 0x000000070a7fffe8, 0x000000070a800000| 99%| O|  |TAMS 0x000000070a600000| PB 0x000000070a600000| Untracked |  0
|   8|0x000000070a800000, 0x000000070a9fffe8, 0x000000070aa00000| 99%| O|  |TAMS 0x000000070a800000| PB 0x000000070a800000| Untracked |  0
|   9|0x000000070aa00000, 0x000000070ac00000, 0x000000070ac00000|100%| O|  |TAMS 0x000000070aa00000| PB 0x000000070aa00000| Untracked |  0
|  10|0x000000070ac00000, 0x000000070ae00000, 0x000000070ae00000|100%| O|  |TAMS 0x000000070ac00000| PB 0x000000070ac00000| Untracked |  0
|  11|0x000000070ae00000, 0x000000070afffff0, 0x000000070b000000| 99%| O|  |TAMS 0x000000070ae00000| PB 0x000000070ae00000| Untracked |  0
|  12|0x000000070b000000, 0x000000070b1ffff8, 0x000000070b200000| 99%| O|  |TAMS 0x000000070b000000| PB 0x000000070b000000| Untracked |  0
|  13|0x000000070b200000, 0x000000070b3ffff8, 0x000000070b400000| 99%| O|  |TAMS 0x000000070b200000| PB 0x000000070b200000| Untracked |  0
|  14|0x000000070b400000, 0x000000070b5ffff8, 0x000000070b600000| 99%| O|  |TAMS 0x000000070b400000| PB 0x000000070b400000| Untracked |  0
|  15|0x000000070b600000, 0x000000070b7fffc8, 0x000000070b800000| 99%| O|  |TAMS 0x000000070b600000| PB 0x000000070b600000| Untracked |  0
|  16|0x000000070b800000, 0x000000070b9c1088, 0x000000070ba00000| 87%| O|  |TAMS 0x000000070b800000| PB 0x000000070b800000| Untracked |  0
|  17|0x000000070ba00000, 0x000000070bb2be58, 0x000000070bc00000| 58%| O|  |TAMS 0x000000070ba00000| PB 0x000000070ba00000| Untracked |  0
|  18|0x000000070bc00000, 0x000000070be00000, 0x000000070be00000|100%| O|  |TAMS 0x000000070bc00000| PB 0x000000070bc00000| Untracked |  0
|  19|0x000000070be00000, 0x000000070bfffff8, 0x000000070c000000| 99%| O|  |TAMS 0x000000070be00000| PB 0x000000070be00000| Untracked |  0
|  20|0x000000070c000000, 0x000000070c161450, 0x000000070c200000| 68%| O|  |TAMS 0x000000070c000000| PB 0x000000070c000000| Untracked |  0
|  21|0x000000070c200000, 0x000000070c200000, 0x000000070c400000|  0%| F|  |TAMS 0x000000070c200000| PB 0x000000070c200000| Untracked |  0
|  22|0x000000070c400000, 0x000000070c45d328, 0x000000070c600000| 18%| O|Cm|TAMS 0x000000070c400000| PB 0x000000070c400000| Complete |  0
|  23|0x000000070c600000, 0x000000070c76afb0, 0x000000070c800000| 70%| O|  |TAMS 0x000000070c600000| PB 0x000000070c600000| Untracked |  0
|  24|0x000000070c800000, 0x000000070c800000, 0x000000070ca00000|  0%| F|  |TAMS 0x000000070c800000| PB 0x000000070c800000| Untracked |  0
|  25|0x000000070ca00000, 0x000000070ca00000, 0x000000070cc00000|  0%| F|  |TAMS 0x000000070ca00000| PB 0x000000070ca00000| Untracked |  0
|  26|0x000000070cc00000, 0x000000070cc00000, 0x000000070ce00000|  0%| F|  |TAMS 0x000000070cc00000| PB 0x000000070cc00000| Untracked |  0
|  27|0x000000070ce00000, 0x000000070ce00000, 0x000000070d000000|  0%| F|  |TAMS 0x000000070ce00000| PB 0x000000070ce00000| Untracked |  0
|  28|0x000000070d000000, 0x000000070d000000, 0x000000070d200000|  0%| F|  |TAMS 0x000000070d000000| PB 0x000000070d000000| Untracked |  0
|  29|0x000000070d200000, 0x000000070d200000, 0x000000070d400000|  0%| F|  |TAMS 0x000000070d200000| PB 0x000000070d200000| Untracked |  0
|  30|0x000000070d400000, 0x000000070d400000, 0x000000070d600000|  0%| F|  |TAMS 0x000000070d400000| PB 0x000000070d400000| Untracked |  0
|  31|0x000000070d600000, 0x000000070d600000, 0x000000070d800000|  0%| F|  |TAMS 0x000000070d600000| PB 0x000000070d600000| Untracked |  0
|  32|0x000000070d800000, 0x000000070d8e94a8, 0x000000070da00000| 45%| S|CS|TAMS 0x000000070d800000| PB 0x000000070d800000| Complete |  0
|  33|0x000000070da00000, 0x000000070da00000, 0x000000070dc00000|  0%| F|  |TAMS 0x000000070da00000| PB 0x000000070da00000| Untracked |  0
|  34|0x000000070dc00000, 0x000000070dc00000, 0x000000070de00000|  0%| F|  |TAMS 0x000000070dc00000| PB 0x000000070dc00000| Untracked |  0
|  35|0x000000070de00000, 0x000000070de00000, 0x000000070e000000|  0%| F|  |TAMS 0x000000070de00000| PB 0x000000070de00000| Untracked |  0
|  36|0x000000070e000000, 0x000000070e000000, 0x000000070e200000|  0%| F|  |TAMS 0x000000070e000000| PB 0x000000070e000000| Untracked |  0
|  37|0x000000070e200000, 0x000000070e200000, 0x000000070e400000|  0%| F|  |TAMS 0x000000070e200000| PB 0x000000070e200000| Untracked |  0
|  38|0x000000070e400000, 0x000000070e400000, 0x000000070e600000|  0%| F|  |TAMS 0x000000070e400000| PB 0x000000070e400000| Untracked |  0
|  39|0x000000070e600000, 0x000000070e600000, 0x000000070e800000|  0%| F|  |TAMS 0x000000070e600000| PB 0x000000070e600000| Untracked |  0
|  40|0x000000070e800000, 0x000000070e800000, 0x000000070ea00000|  0%| F|  |TAMS 0x000000070e800000| PB 0x000000070e800000| Untracked |  0
|  41|0x000000070ea00000, 0x000000070ea00000, 0x000000070ec00000|  0%| F|  |TAMS 0x000000070ea00000| PB 0x000000070ea00000| Untracked |  0
|  42|0x000000070ec00000, 0x000000070ec00000, 0x000000070ee00000|  0%| F|  |TAMS 0x000000070ec00000| PB 0x000000070ec00000| Untracked |  0
|  43|0x000000070ee00000, 0x000000070ee00000, 0x000000070f000000|  0%| F|  |TAMS 0x000000070ee00000| PB 0x000000070ee00000| Untracked |  0
|  44|0x000000070f000000, 0x000000070f000000, 0x000000070f200000|  0%| F|  |TAMS 0x000000070f000000| PB 0x000000070f000000| Untracked |  0
|  45|0x000000070f200000, 0x000000070f200000, 0x000000070f400000|  0%| F|  |TAMS 0x000000070f200000| PB 0x000000070f200000| Untracked |  0
|  46|0x000000070f400000, 0x000000070f400000, 0x000000070f600000|  0%| F|  |TAMS 0x000000070f400000| PB 0x000000070f400000| Untracked |  0
|  47|0x000000070f600000, 0x000000070f600000, 0x000000070f800000|  0%| F|  |TAMS 0x000000070f600000| PB 0x000000070f600000| Untracked |  0
|  48|0x000000070f800000, 0x000000070f943c38, 0x000000070fa00000| 63%| E|  |TAMS 0x000000070f800000| PB 0x000000070f800000| Complete |  0
|  95|0x0000000715600000, 0x0000000715800000, 0x0000000715800000|100%| E|CS|TAMS 0x0000000715600000| PB 0x0000000715600000| Complete |  0
|  96|0x0000000715800000, 0x0000000715a00000, 0x0000000715a00000|100%| E|CS|TAMS 0x0000000715800000| PB 0x0000000715800000| Complete |  0
| 100|0x0000000716000000, 0x0000000716200000, 0x0000000716200000|100%| E|CS|TAMS 0x0000000716000000| PB 0x0000000716000000| Complete |  0
| 101|0x0000000716200000, 0x0000000716400000, 0x0000000716400000|100%| E|CS|TAMS 0x0000000716200000| PB 0x0000000716200000| Complete |  0
| 102|0x0000000716400000, 0x0000000716600000, 0x0000000716600000|100%| E|CS|TAMS 0x0000000716400000| PB 0x0000000716400000| Complete |  0
| 123|0x0000000718e00000, 0x0000000719000000, 0x0000000719000000|100%| E|CS|TAMS 0x0000000718e00000| PB 0x0000000718e00000| Complete |  0
|1971|0x00000007ffe00000, 0x0000000800000000, 0x0000000800000000|100%| E|CS|TAMS 0x00000007ffe00000| PB 0x00000007ffe00000| Complete |  0

Card table byte_map: [0x000001c6dde90000,0x000001c6de650000] _byte_map_base: 0x000001c6da644000

Marking Bits: (CMBitMap*) 0x000001c6d1629ac0
 Bits: [0x000001c6de650000, 0x000001c6e23f0000)

Polling page: 0x000001c6cf440000

Metaspace:

Usage:
  Non-class:     76.34 MB used.
      Class:     10.05 MB used.
       Both:     86.39 MB used.

Virtual space:
  Non-class space:      128.00 MB reserved,      77.00 MB ( 60%) committed,  2 nodes.
      Class space:        1.00 GB reserved,      10.44 MB (  1%) committed,  1 nodes.
             Both:        1.12 GB reserved,      87.44 MB (  8%) committed. 

Chunk freelists:
   Non-Class:  3.08 MB
       Class:  5.71 MB
        Both:  8.79 MB

MaxMetaspaceSize: unlimited
CompressedClassSpaceSize: 1.00 GB
Initial GC threshold: 21.00 MB
Current GC threshold: 144.31 MB
CDS: on
 - commit_granule_bytes: 65536.
 - commit_granule_words: 8192.
 - virtual_space_node_default_size: 8388608.
 - enlarge_chunks_in_place: 1.
UseCompressedClassPointers 1, UseCompactObjectHeaders 0
Narrow klass pointer bits 32, Max shift 3
Narrow klass base: 0x000001c680000000, Narrow klass shift: 0
Encoding Range: [0x000001c680000000 - 0x000001c780000000), (4294967296 bytes)
Klass Range:    [0x000001c680000000 - 0x000001c6c1000000), (1090519040 bytes)
Klass ID Range:  [8 - 1090519033) (1090519025)


Internal statistics:

num_allocs_failed_limit: 9.
num_arena_births: 1336.
num_arena_deaths: 404.
num_vsnodes_births: 3.
num_vsnodes_deaths: 0.
num_space_committed: 1398.
num_space_uncommitted: 0.
num_chunks_returned_to_freelist: 432.
num_chunks_taken_from_freelist: 4534.
num_chunk_merges: 96.
num_chunk_splits: 3169.
num_chunks_enlarged: 2501.
num_inconsistent_stats: 0.

CodeCache: size=49152Kb used=15570Kb max_used=15857Kb free=33581Kb
 bounds [0x000001c6d9e50000, 0x000001c6dae20000, 0x000001c6dce50000]
 total_blobs=10668, nmethods=9884, adapters=706, full_count=0
Compilation: enabled, stopped_count=0, restarted_count=0

Compilation events (20 events):
Event: 144.847 Thread 0x000001c6c5c64d90 11581       1       jdk.jfr.internal.EventControl::getSettingsId (5 bytes)
Event: 144.847 Thread 0x000001c6c5c62f50 11582       1       jdk.jfr.internal.EventControl::getNamedControls (5 bytes)
Event: 144.847 Thread 0x000001c6c5c65520 11580       1       jdk.jfr.internal.EventControl::getEventType (5 bytes)
Event: 144.847 Thread 0x000001c6e508d550 11583       1       jdk.jfr.internal.PlatformEventType::isEnabled (5 bytes)
Event: 144.847 Thread 0x000001c6c5c64d90 nmethod 11581 0x000001c6da1a7888 code [0x000001c6da1a7980, 0x000001c6da1a7a48]
Event: 144.847 Thread 0x000001c6c5c65520 nmethod 11580 0x000001c6da1a7588 code [0x000001c6da1a7680, 0x000001c6da1a7748]
Event: 144.847 Thread 0x000001c6c5c62f50 nmethod 11582 0x000001c6da1a7288 code [0x000001c6da1a7380, 0x000001c6da1a7448]
Event: 144.847 Thread 0x000001c6e508d550 nmethod 11583 0x000001c6da1a6f88 code [0x000001c6da1a7080, 0x000001c6da1a7148]
Event: 144.847 Thread 0x000001c6c5c64d90 11584   !   1       jdk.jfr.internal.Control::setValue (102 bytes)
Event: 144.848 Thread 0x000001c6c5c65520 11585       1       jdk.jfr.internal.SettingsManager$InternalSetting::getValues (35 bytes)
Event: 144.848 Thread 0x000001c6c5c62f50 11586       1       jdk.jfr.internal.Control::apply (10 bytes)
Event: 144.848 Thread 0x000001c6e508d550 11587       1       jdk.jfr.internal.Control::findCombine (121 bytes)
Event: 144.848 Thread 0x000001c6c5c62f50 nmethod 11586 0x000001c6da1a6c88 code [0x000001c6da1a6da0, 0x000001c6da1a6eb0]
Event: 144.848 Thread 0x000001c6c5c65520 nmethod 11585 0x000001c6da1a6908 code [0x000001c6da1a6a40, 0x000001c6da1a6c48]
Event: 144.848 Thread 0x000001c6e508d550 nmethod 11587 0x000001c6da1a5f88 code [0x000001c6da1a6140, 0x000001c6da1a68f0]
Event: 144.848 Thread 0x000001c6c5c64d90 nmethod 11584 0x000001c6da1a5688 code [0x000001c6da1a5880, 0x000001c6da1a5f10]
Event: 144.852 Thread 0x000001c6c5c64d90 11588       1       jdk.jfr.internal.periodic.EventTask::getEventType (5 bytes)
Event: 144.852 Thread 0x000001c6c5c64d90 nmethod 11588 0x000001c6da1a5388 code [0x000001c6da1a5480, 0x000001c6da1a5548]
Event: 144.852 Thread 0x000001c6c5c62f50 11589       1       jdk.jfr.internal.periodic.PeriodicTask::getPeriod (5 bytes)
Event: 144.852 Thread 0x000001c6c5c62f50 nmethod 11589 0x000001c6da1a5088 code [0x000001c6da1a5180, 0x000001c6da1a5248]

GC Heap History (20 events):
Event: 8.391 GC heap before
{Heap before GC invocations=20 (full 0):
 garbage-first heap   total reserved 4038656K, committed 94208K, used 79350K [0x0000000709800000, 0x0000000800000000)
  region size 2048K, 20 young (40960K), 3 survivors (6144K)
 Metaspace       used 72953K, committed 73664K, reserved 1114112K
  class space    used 8361K, committed 8704K, reserved 1048576K
}
Event: 8.394 GC heap after
{Heap after GC invocations=21 (full 0):
 garbage-first heap   total reserved 4038656K, committed 94208K, used 46198K [0x0000000709800000, 0x0000000800000000)
  region size 2048K, 2 young (4096K), 2 survivors (4096K)
 Metaspace       used 72953K, committed 73664K, reserved 1114112K
  class space    used 8361K, committed 8704K, reserved 1048576K
}
Event: 8.658 GC heap before
{Heap before GC invocations=22 (full 0):
 garbage-first heap   total reserved 4038656K, committed 94208K, used 83062K [0x0000000709800000, 0x0000000800000000)
  region size 2048K, 20 young (40960K), 2 survivors (4096K)
 Metaspace       used 73745K, committed 74496K, reserved 1179648K
  class space    used 8505K, committed 8832K, reserved 1048576K
}
Event: 8.661 GC heap after
{Heap after GC invocations=23 (full 0):
 garbage-first heap   total reserved 4038656K, committed 94208K, used 47764K [0x0000000709800000, 0x0000000800000000)
  region size 2048K, 2 young (4096K), 2 survivors (4096K)
 Metaspace       used 73745K, committed 74496K, reserved 1179648K
  class space    used 8505K, committed 8832K, reserved 1048576K
}
Event: 8.928 GC heap before
{Heap before GC invocations=23 (full 0):
 garbage-first heap   total reserved 4038656K, committed 94208K, used 82580K [0x0000000709800000, 0x0000000800000000)
  region size 2048K, 19 young (38912K), 2 survivors (4096K)
 Metaspace       used 75271K, committed 76096K, reserved 1179648K
  class space    used 8684K, committed 9024K, reserved 1048576K
}
Event: 8.932 GC heap after
{Heap after GC invocations=24 (full 0):
 garbage-first heap   total reserved 4038656K, committed 94208K, used 49293K [0x0000000709800000, 0x0000000800000000)
  region size 2048K, 2 young (4096K), 2 survivors (4096K)
 Metaspace       used 75271K, committed 76096K, reserved 1179648K
  class space    used 8684K, committed 9024K, reserved 1048576K
}
Event: 9.185 GC heap before
{Heap before GC invocations=24 (full 0):
 garbage-first heap   total reserved 4038656K, committed 94208K, used 82061K [0x0000000709800000, 0x0000000800000000)
  region size 2048K, 18 young (36864K), 2 survivors (4096K)
 Metaspace       used 76149K, committed 76992K, reserved 1179648K
  class space    used 8810K, committed 9152K, reserved 1048576K
}
Event: 9.187 GC heap after
{Heap after GC invocations=25 (full 0):
 garbage-first heap   total reserved 4038656K, committed 114688K, used 50981K [0x0000000709800000, 0x0000000800000000)
  region size 2048K, 2 young (4096K), 2 survivors (4096K)
 Metaspace       used 76149K, committed 76992K, reserved 1179648K
  class space    used 8810K, committed 9152K, reserved 1048576K
}
Event: 10.775 GC heap before
{Heap before GC invocations=26 (full 0):
 garbage-first heap   total reserved 4038656K, committed 114688K, used 98085K [0x0000000709800000, 0x0000000800000000)
  region size 2048K, 26 young (53248K), 2 survivors (4096K)
 Metaspace       used 83254K, committed 84160K, reserved 1179648K
  class space    used 9720K, committed 10112K, reserved 1048576K
}
Event: 10.779 GC heap after
{Heap after GC invocations=27 (full 0):
 garbage-first heap   total reserved 4038656K, committed 114688K, used 54855K [0x0000000709800000, 0x0000000800000000)
  region size 2048K, 4 young (8192K), 4 survivors (8192K)
 Metaspace       used 83254K, committed 84160K, reserved 1179648K
  class space    used 9720K, committed 10112K, reserved 1048576K
}
Event: 104.937 GC heap before
{Heap before GC invocations=27 (full 0):
 garbage-first heap   total reserved 4038656K, committed 114688K, used 83527K [0x0000000709800000, 0x0000000800000000)
  region size 2048K, 20 young (40960K), 4 survivors (8192K)
 Metaspace       used 86602K, committed 87488K, reserved 1179648K
  class space    used 10129K, committed 10496K, reserved 1048576K
}
Event: 104.991 GC heap after
{Heap after GC invocations=28 (full 1):
 garbage-first heap   total reserved 4038656K, committed 114688K, used 41680K [0x0000000709800000, 0x0000000800000000)
  region size 2048K, 0 young (0K), 0 survivors (0K)
 Metaspace       used 86586K, committed 87488K, reserved 1179648K
  class space    used 10125K, committed 10496K, reserved 1048576K
}
Event: 105.516 GC heap before
{Heap before GC invocations=28 (full 1):
 garbage-first heap   total reserved 4038656K, committed 114688K, used 101072K [0x0000000709800000, 0x0000000800000000)
  region size 2048K, 29 young (59392K), 0 survivors (0K)
 Metaspace       used 87077K, committed 88000K, reserved 1179648K
  class space    used 10173K, committed 10560K, reserved 1048576K
}
Event: 105.520 GC heap after
{Heap after GC invocations=29 (full 1):
 garbage-first heap   total reserved 4038656K, committed 114688K, used 47546K [0x0000000709800000, 0x0000000800000000)
  region size 2048K, 3 young (6144K), 3 survivors (6144K)
 Metaspace       used 87077K, committed 88000K, reserved 1179648K
  class space    used 10173K, committed 10560K, reserved 1048576K
}
Event: 126.847 GC heap before
{Heap before GC invocations=29 (full 1):
 garbage-first heap   total reserved 4038656K, committed 114688K, used 96698K [0x0000000709800000, 0x0000000800000000)
  region size 2048K, 27 young (55296K), 3 survivors (6144K)
 Metaspace       used 87303K, committed 88192K, reserved 1179648K
  class space    used 10212K, committed 10560K, reserved 1048576K
}
Event: 126.849 GC heap after
{Heap after GC invocations=30 (full 1):
 garbage-first heap   total reserved 4038656K, committed 114688K, used 44021K [0x0000000709800000, 0x0000000800000000)
  region size 2048K, 1 young (2048K), 1 survivors (2048K)
 Metaspace       used 87303K, committed 88192K, reserved 1179648K
  class space    used 10212K, committed 10560K, reserved 1048576K
}
Event: 127.228 GC heap before
{Heap before GC invocations=30 (full 1):
 garbage-first heap   total reserved 4038656K, committed 114688K, used 97269K [0x0000000709800000, 0x0000000800000000)
  region size 2048K, 27 young (55296K), 1 survivors (2048K)
 Metaspace       used 87772K, committed 88640K, reserved 1179648K
  class space    used 10255K, committed 10624K, reserved 1048576K
}
Event: 127.232 GC heap after
{Heap after GC invocations=31 (full 1):
 garbage-first heap   total reserved 4038656K, committed 114688K, used 48549K [0x0000000709800000, 0x0000000800000000)
  region size 2048K, 3 young (6144K), 3 survivors (6144K)
 Metaspace       used 87772K, committed 88640K, reserved 1179648K
  class space    used 10255K, committed 10624K, reserved 1048576K
}
Event: 134.002 GC heap before
{Heap before GC invocations=32 (full 1):
 garbage-first heap   total reserved 4038656K, committed 114688K, used 93605K [0x0000000709800000, 0x0000000800000000)
  region size 2048K, 26 young (53248K), 3 survivors (6144K)
 Metaspace       used 87487K, committed 88640K, reserved 1179648K
  class space    used 10163K, committed 10624K, reserved 1048576K
}
Event: 134.004 GC heap after
{Heap after GC invocations=33 (full 1):
 garbage-first heap   total reserved 4038656K, committed 114688K, used 44026K [0x0000000709800000, 0x0000000800000000)
  region size 2048K, 1 young (2048K), 1 survivors (2048K)
 Metaspace       used 87487K, committed 88640K, reserved 1179648K
  class space    used 10163K, committed 10624K, reserved 1048576K
}

Dll operation events (13 events):
Event: 0.010 Loaded shared library C:\Program Files\Java\jdk-24\bin\java.dll
Event: 0.125 Loaded shared library C:\Program Files\Java\jdk-24\bin\zip.dll
Event: 0.127 Loaded shared library C:\Program Files\Java\jdk-24\bin\instrument.dll
Event: 0.132 Loaded shared library C:\Program Files\Java\jdk-24\bin\net.dll
Event: 0.135 Loaded shared library C:\Program Files\Java\jdk-24\bin\nio.dll
Event: 0.138 Loaded shared library C:\Program Files\Java\jdk-24\bin\zip.dll
Event: 0.159 Loaded shared library C:\Program Files\Java\jdk-24\bin\jimage.dll
Event: 0.261 Loaded shared library C:\Program Files\Java\jdk-24\bin\extnet.dll
Event: 0.277 Loaded shared library C:\Program Files\Java\jdk-24\bin\management.dll
Event: 0.286 Loaded shared library C:\Program Files\Java\jdk-24\bin\management_ext.dll
Event: 1.318 Loaded shared library C:\Program Files\Java\jdk-24\bin\sunmscapi.dll
Event: 3.602 Loaded shared library C:\Program Files\Java\jdk-24\bin\verify.dll
Event: 144.695 Loaded shared library C:\Users\thanh\AppData\Local\Temp\idea_libasyncProfiler_dll_temp_folder\libasyncProfiler.dll

Deoptimization events (16 events):
Event: 2.367 Thread 0x000001c6c63482c0 DEOPT PACKING pc=0x000001c6da72634c sp=0x000000c04b8fdb90
Event: 2.367 Thread 0x000001c6c63482c0 DEOPT UNPACKING pc=0x000001c6d9ea5722 sp=0x000000c04b8fd050 mode 0
Event: 2.727 Thread 0x000001c6c63482c0 DEOPT PACKING pc=0x000001c6da83ecdf sp=0x000000c04b8fdc90
Event: 2.727 Thread 0x000001c6c63482c0 DEOPT UNPACKING pc=0x000001c6d9ea5722 sp=0x000000c04b8fd238 mode 0
Event: 7.702 Thread 0x000001c6c63482c0 DEOPT PACKING pc=0x000001c6da549f6a sp=0x000000c04b8fc500
Event: 7.702 Thread 0x000001c6c63482c0 DEOPT UNPACKING pc=0x000001c6d9ea5722 sp=0x000000c04b8fba08 mode 3
Event: 7.703 Thread 0x000001c6c63482c0 DEOPT PACKING pc=0x000001c6da546e8a sp=0x000000c04b8fc4c0
Event: 7.703 Thread 0x000001c6c63482c0 DEOPT UNPACKING pc=0x000001c6d9ea5722 sp=0x000000c04b8fba08 mode 3
Event: 9.197 Thread 0x000001c6c63482c0 DEOPT PACKING pc=0x000001c6dabd20a5 sp=0x000000c04b8fed40
Event: 9.197 Thread 0x000001c6c63482c0 DEOPT UNPACKING pc=0x000001c6d9ea5722 sp=0x000000c04b8fe218 mode 3
Event: 10.529 Thread 0x000001c6c856e100 DEOPT PACKING pc=0x000001c6dab1c81c sp=0x000000c04b8ff2e0
Event: 10.529 Thread 0x000001c6c856e100 DEOPT UNPACKING pc=0x000001c6d9ea5722 sp=0x000000c04b8fe778 mode 0
Event: 30.504 Thread 0x000001c6e50877c0 DEOPT PACKING pc=0x000001c6dab1c81c sp=0x000000c04b4ff0a0
Event: 30.505 Thread 0x000001c6e50877c0 DEOPT UNPACKING pc=0x000001c6d9ea5722 sp=0x000000c04b4fe538 mode 0
Event: 30.505 Thread 0x000001c6c856f6f0 DEOPT PACKING pc=0x000001c6dab1c81c sp=0x000000c04e0ff200
Event: 30.505 Thread 0x000001c6c856f6f0 DEOPT UNPACKING pc=0x000001c6d9ea5722 sp=0x000000c04e0fe698 mode 0

Classes loaded (20 events):
Event: 144.831 Loading class jdk/jfr/internal/MetadataWriter
Event: 144.832 Loading class jdk/jfr/internal/MetadataWriter done
Event: 144.832 Loading class jdk/jfr/internal/MetadataDescriptor$Element
Event: 144.832 Loading class jdk/jfr/internal/MetadataDescriptor$Element done
Event: 144.832 Loading class jdk/jfr/internal/MetadataDescriptor$Attribute
Event: 144.832 Loading class jdk/jfr/internal/MetadataDescriptor$Attribute done
Event: 144.836 Loading class jdk/jfr/internal/consumer/StringParser$Encoding
Event: 144.837 Loading class jdk/jfr/internal/consumer/StringParser$Encoding done
Event: 144.841 Loading class jdk/jfr/internal/consumer/RepositoryFiles
Event: 144.841 Loading class jdk/jfr/internal/consumer/RepositoryFiles done
Event: 144.845 Loading class jdk/jfr/internal/SettingsManager$InternalSetting
Event: 144.845 Loading class jdk/jfr/internal/SettingsManager$InternalSetting done
Event: 144.846 Loading class jdk/jfr/internal/util/Rate
Event: 144.846 Loading class jdk/jfr/internal/util/Rate done
Event: 144.846 Loading class jdk/jfr/internal/util/TimespanUnit
Event: 144.846 Loading class jdk/jfr/internal/util/TimespanUnit done
Event: 144.847 Loading class jdk/jfr/internal/util/ValueParser
Event: 144.847 Loading class jdk/jfr/internal/util/ValueParser done
Event: 144.848 Loading class jdk/jfr/internal/periodic/PeriodicType
Event: 144.848 Loading class jdk/jfr/internal/periodic/PeriodicType done

Classes unloaded (20 events):
Event: 127.252 Thread 0x000001c6e4f2f010 Unloading class 0x000001c6810d1c00 'java/lang/invoke/LambdaForm$BMH+0x000001c6810d1c00'
Event: 127.252 Thread 0x000001c6e4f2f010 Unloading class 0x000001c6810d0c00 'java/lang/invoke/LambdaForm$MH+0x000001c6810d0c00'
Event: 127.252 Thread 0x000001c6e4f2f010 Unloading class 0x000001c6810d0800 'java/lang/invoke/LambdaForm$MH+0x000001c6810d0800'
Event: 127.252 Thread 0x000001c6e4f2f010 Unloading class 0x000001c6810cf800 'java/lang/invoke/LambdaForm$MH+0x000001c6810cf800'
Event: 127.252 Thread 0x000001c6e4f2f010 Unloading class 0x000001c6810cf400 'java/lang/invoke/LambdaForm$MH+0x000001c6810cf400'
Event: 127.252 Thread 0x000001c6e4f2f010 Unloading class 0x000001c6810cf000 'java/lang/invoke/LambdaForm$MH+0x000001c6810cf000'
Event: 127.252 Thread 0x000001c6e4f2f010 Unloading class 0x000001c6810cdc00 'java/lang/invoke/LambdaForm$MH+0x000001c6810cdc00'
Event: 127.252 Thread 0x000001c6e4f2f010 Unloading class 0x000001c6810cd400 'java/lang/invoke/LambdaForm$MH+0x000001c6810cd400'
Event: 127.252 Thread 0x000001c6e4f2f010 Unloading class 0x000001c6810cd000 'java/lang/invoke/LambdaForm$MH+0x000001c6810cd000'
Event: 127.252 Thread 0x000001c6e4f2f010 Unloading class 0x000001c6810ccc00 'java/lang/invoke/LambdaForm$MH+0x000001c6810ccc00'
Event: 127.252 Thread 0x000001c6e4f2f010 Unloading class 0x000001c6810cc800 'java/lang/invoke/LambdaForm$BMH+0x000001c6810cc800'
Event: 127.252 Thread 0x000001c6e4f2f010 Unloading class 0x000001c6810c0000 'java/lang/invoke/LambdaForm$MH+0x000001c6810c0000'
Event: 127.252 Thread 0x000001c6e4f2f010 Unloading class 0x000001c681008c00 'java/lang/invoke/LambdaForm$DMH+0x000001c681008c00'
Event: 127.252 Thread 0x000001c6e4f2f010 Unloading class 0x000001c681008400 'java/lang/invoke/LambdaForm$DMH+0x000001c681008400'
Event: 127.252 Thread 0x000001c6e4f2f010 Unloading class 0x000001c681007c00 'java/lang/invoke/LambdaForm$DMH+0x000001c681007c00'
Event: 127.252 Thread 0x000001c6e4f2f010 Unloading class 0x000001c681007800 'java/lang/invoke/LambdaForm$DMH+0x000001c681007800'
Event: 127.252 Thread 0x000001c6e4f2f010 Unloading class 0x000001c681003400 'java/lang/invoke/LambdaForm$MH+0x000001c681003400'
Event: 127.252 Thread 0x000001c6e4f2f010 Unloading class 0x000001c681003000 'java/lang/invoke/LambdaForm$MH+0x000001c681003000'
Event: 127.252 Thread 0x000001c6e4f2f010 Unloading class 0x000001c681002c00 'java/lang/invoke/LambdaForm$MH+0x000001c681002c00'
Event: 127.252 Thread 0x000001c6e4f2f010 Unloading class 0x000001c681002400 'java/lang/invoke/LambdaForm$MH+0x000001c681002400'

Classes redefined (0 events):
No events

Internal exceptions (20 events):
Event: 127.280 Thread 0x000001c6c8569090 Exception <a 'java/lang/NoClassDefFoundError'{0x0000000716249068}: org/springframework/session/jdbc/JdbcIndexedSessionRepository> (0x0000000716249068) 
thrown [s\open\src\hotspot\share\oops\constantPool.cpp, line 1048]
Event: 127.291 Thread 0x000001c6c8569090 Exception <a 'java/lang/ArrayIndexOutOfBoundsException'{0x000000071606b1d8}> (0x000000071606b1d8) 
thrown [s\open\src\hotspot\share\runtime\sharedRuntime.cpp, line 678]
Event: 127.291 Thread 0x000001c6c8569090 Exception <a 'java/lang/ArrayIndexOutOfBoundsException'{0x000000071606ba60}> (0x000000071606ba60) 
thrown [s\open\src\hotspot\share\runtime\sharedRuntime.cpp, line 678]
Event: 127.294 Thread 0x000001c6c8569090 Exception <a 'java/lang/ArrayIndexOutOfBoundsException'{0x00000007160aa700}> (0x00000007160aa700) 
thrown [s\open\src\hotspot\share\runtime\sharedRuntime.cpp, line 678]
Event: 127.294 Thread 0x000001c6c8569090 Exception <a 'java/lang/ArrayIndexOutOfBoundsException'{0x00000007160aaf88}> (0x00000007160aaf88) 
thrown [s\open\src\hotspot\share\runtime\sharedRuntime.cpp, line 678]
Event: 127.391 Thread 0x000001c6c8569090 Exception <a 'java/io/FileNotFoundException'{0x000000070ea04400}> (0x000000070ea04400) 
thrown [s\open\src\hotspot\share\prims\jni.cpp, line 518]
Event: 127.404 Thread 0x000001c6c8569090 Exception <a 'java/io/IOException'{0x000000070eb53f10}> (0x000000070eb53f10) 
thrown [s\open\src\hotspot\share\prims\jni.cpp, line 518]
Event: 127.404 Thread 0x000001c6c8569090 Exception <a 'java/io/IOException'{0x000000070eb54640}> (0x000000070eb54640) 
thrown [s\open\src\hotspot\share\prims\jni.cpp, line 518]
Event: 127.405 Thread 0x000001c6c8569090 Exception <a 'java/io/IOException'{0x000000070eb54d50}> (0x000000070eb54d50) 
thrown [s\open\src\hotspot\share\prims\jni.cpp, line 518]
Event: 127.407 Thread 0x000001c6c8569090 Exception <a 'java/io/IOException'{0x000000070eb65340}> (0x000000070eb65340) 
thrown [s\open\src\hotspot\share\prims\jni.cpp, line 518]
Event: 127.408 Thread 0x000001c6c8569090 Exception <a 'java/io/IOException'{0x000000070eb66380}> (0x000000070eb66380) 
thrown [s\open\src\hotspot\share\prims\jni.cpp, line 518]
Event: 127.408 Thread 0x000001c6c8569090 Exception <a 'java/io/IOException'{0x000000070eb66e58}> (0x000000070eb66e58) 
thrown [s\open\src\hotspot\share\prims\jni.cpp, line 518]
Event: 127.485 Thread 0x000001c6c8569090 Exception <a 'java/io/FileNotFoundException'{0x000000070dc4d628}> (0x000000070dc4d628) 
thrown [s\open\src\hotspot\share\prims\jni.cpp, line 518]
Event: 127.493 Thread 0x000001c6c8569090 Exception <a 'java/lang/NoClassDefFoundError'{0x000000070dcef210}: liquibase/exception/ChangeLogParseException> (0x000000070dcef210) 
thrown [s\open\src\hotspot\share\classfile\systemDictionary.cpp, line 316]
Event: 144.767 Thread 0x000001c6e5081350 Exception <a 'java/lang/NoSuchMethodError'{0x0000000716532938}: 'void java.lang.invoke.DirectMethodHandle$Holder.invokeStaticInit(java.lang.Object)'> (0x0000000716532938) 
thrown [s\open\src\hotspot\share\interpreter\linkResolver.cpp, line 805]
Event: 144.821 Thread 0x000001c6e5081350 Exception <a 'java/lang/NoSuchMethodError'{0x000000071590eaa0}: 'void java.lang.invoke.DirectMethodHandle$Holder.invokeSpecial(java.lang.Object, java.lang.Object, int)'> (0x000000071590eaa0) 
thrown [s\open\src\hotspot\share\interpreter\linkResolver.cpp, line 805]
Event: 144.821 Thread 0x000001c6e5081350 Exception <a 'java/lang/NoSuchMethodError'{0x00000007159166c0}: 'void java.lang.invoke.Invokers$Holder.invokeExact_MT(java.lang.Object, int, java.lang.Object)'> (0x00000007159166c0) 
thrown [s\open\src\hotspot\share\interpreter\linkResolver.cpp, line 805]
Event: 144.826 Thread 0x000001c6e5081350 Exception <a 'sun/nio/fs/WindowsException'{0x00000007159638d0}> (0x00000007159638d0) 
thrown [s\open\src\hotspot\share\prims\jni.cpp, line 518]
Event: 144.827 Thread 0x000001c6e5081350 Exception <a 'sun/nio/fs/WindowsException'{0x0000000715970768}> (0x0000000715970768) 
thrown [s\open\src\hotspot\share\prims\jni.cpp, line 518]
Event: 144.829 Thread 0x000001c6e5081350 Exception <a 'sun/nio/fs/WindowsException'{0x0000000715982498}> (0x0000000715982498) 
thrown [s\open\src\hotspot\share\prims\jni.cpp, line 518]

VM Operations (20 events):
Event: 104.937 Executing VM operation: G1CollectFull (System.gc())
Event: 104.991 Executing VM operation: G1CollectFull (System.gc()) done
Event: 105.516 Executing VM operation: G1CollectForAllocation (G1 Evacuation Pause)
Event: 105.520 Executing VM operation: G1CollectForAllocation (G1 Evacuation Pause) done
Event: 120.305 Executing VM operation: HandshakeAllThreads (HandshakeForDeflation)
Event: 120.305 Executing VM operation: HandshakeAllThreads (HandshakeForDeflation) done
Event: 120.305 Executing VM operation: RendezvousGCThreads
Event: 120.305 Executing VM operation: RendezvousGCThreads done
Event: 126.847 Executing VM operation: G1CollectForAllocation (G1 Evacuation Pause)
Event: 126.849 Executing VM operation: G1CollectForAllocation (G1 Evacuation Pause) done
Event: 127.228 Executing VM operation: G1CollectForAllocation (G1 Evacuation Pause)
Event: 127.232 Executing VM operation: G1CollectForAllocation (G1 Evacuation Pause) done
Event: 127.252 Executing VM operation: G1PauseRemark
Event: 127.259 Executing VM operation: G1PauseRemark done
Event: 127.264 Executing VM operation: G1PauseCleanup
Event: 127.264 Executing VM operation: G1PauseCleanup done
Event: 134.002 Executing VM operation: G1CollectForAllocation (G1 Evacuation Pause)
Event: 134.004 Executing VM operation: G1CollectForAllocation (G1 Evacuation Pause) done
Event: 144.842 Executing VM operation: JFRSafepointClear
Event: 144.842 Executing VM operation: JFRSafepointClear done

Memory protections (0 events):
No events

Nmethod flushes (20 events):
Event: 127.258 Thread 0x000001c6e4f2f010 flushing  nmethod 0x000001c6da662788
Event: 127.258 Thread 0x000001c6e4f2f010 flushing  nmethod 0x000001c6da75bb08
Event: 127.258 Thread 0x000001c6e4f2f010 flushing  nmethod 0x000001c6da783088
Event: 127.258 Thread 0x000001c6e4f2f010 flushing  nmethod 0x000001c6dab10b08
Event: 127.258 Thread 0x000001c6e4f2f010 flushing  nmethod 0x000001c6dab61908
Event: 127.258 Thread 0x000001c6e4f2f010 flushing  nmethod 0x000001c6dabcbf08
Event: 127.258 Thread 0x000001c6e4f2f010 flushing  nmethod 0x000001c6da26ce08
Event: 127.258 Thread 0x000001c6e4f2f010 flushing  nmethod 0x000001c6da6fd508
Event: 127.258 Thread 0x000001c6e4f2f010 flushing  nmethod 0x000001c6da76af88
Event: 127.258 Thread 0x000001c6e4f2f010 flushing  nmethod 0x000001c6da0c2908
Event: 127.258 Thread 0x000001c6e4f2f010 flushing  nmethod 0x000001c6da2c4908
Event: 127.258 Thread 0x000001c6e4f2f010 flushing  nmethod 0x000001c6dab14008
Event: 127.258 Thread 0x000001c6e4f2f010 flushing  nmethod 0x000001c6da62e188
Event: 127.258 Thread 0x000001c6e4f2f010 flushing  nmethod 0x000001c6da747508
Event: 127.258 Thread 0x000001c6e4f2f010 flushing  nmethod 0x000001c6dab4dc08
Event: 127.258 Thread 0x000001c6e4f2f010 flushing  nmethod 0x000001c6da262d08
Event: 127.258 Thread 0x000001c6e4f2f010 flushing  nmethod 0x000001c6da2f4488
Event: 127.258 Thread 0x000001c6e4f2f010 flushing  nmethod 0x000001c6da350108
Event: 127.258 Thread 0x000001c6e4f2f010 flushing  nmethod 0x000001c6da572588
Event: 127.258 Thread 0x000001c6e4f2f010 flushing  nmethod 0x000001c6dab1c688

Events (20 events):
Event: 126.842 Thread 0x000001c6e508d550 Thread added: 0x000001c6c5c636e0
Event: 126.842 Thread 0x000001c6e508d550 Thread added: 0x000001c6c5c64600
Event: 126.842 Thread 0x000001c6e508d550 Thread added: 0x000001c6c5c64d90
Event: 126.919 Thread 0x000001c6c8569090 Thread added: 0x000001c6c85697e0
Event: 126.946 Thread 0x000001c6c85697e0 Thread exited: 0x000001c6c85697e0
Event: 127.485 Thread 0x000001c6c8569090 Thread added: 0x000001c6c856b520
Event: 127.485 Thread 0x000001c6c8569090 Thread added: 0x000001c6c856c3c0
Event: 127.487 Thread 0x000001c6c856c3c0 Thread exited: 0x000001c6c856c3c0
Event: 127.487 Thread 0x000001c6c856b520 Thread exited: 0x000001c6c856b520
Event: 127.495 Thread 0x000001c6c8569090 Thread exited: 0x000001c6c8569090
Event: 127.495 Thread 0x000001c6c856f6f0 Thread added: 0x000001c6c856c3c0
Event: 129.139 Thread 0x000001c6c5c64d90 Thread exited: 0x000001c6c5c64d90
Event: 131.830 Thread 0x000001c6c5c64600 Thread exited: 0x000001c6c5c64600
Event: 134.655 Thread 0x000001c6c5c636e0 Thread exited: 0x000001c6c5c636e0
Event: 143.251 Thread 0x000001c6c623fe60 Thread exited: 0x000001c6c623fe60
Event: 144.737 Thread 0x000001c6e508d550 Thread added: 0x000001c6c5c62f50
Event: 144.738 Thread 0x000001c6c5c62f50 Thread added: 0x000001c6c5c64d90
Event: 144.738 Thread 0x000001c6c5c62f50 Thread added: 0x000001c6c5c65520
Event: 144.764 Thread 0x000001c6e5081350 Thread added: 0x000001c6c856bc70
Event: 144.823 Thread 0x000001c6e5081350 Thread added: 0x000001c6c8569090


Dynamic libraries:
0x00007ff6855c0000 - 0x00007ff6855d0000 	C:\Program Files\Java\jdk-24\bin\java.exe
0x00007ff98a360000 - 0x00007ff98a5c0000 	C:\WINDOWS\SYSTEM32\ntdll.dll
0x00007ff9890a0000 - 0x00007ff989167000 	C:\WINDOWS\System32\KERNEL32.DLL
0x00007ff987690000 - 0x00007ff987a5a000 	C:\WINDOWS\System32\KERNELBASE.dll
0x00007ff987540000 - 0x00007ff98768b000 	C:\WINDOWS\System32\ucrtbase.dll
0x00007ff981510000 - 0x00007ff98152b000 	C:\Program Files\Java\jdk-24\bin\VCRUNTIME140.dll
0x00007ff97e1a0000 - 0x00007ff97e1b6000 	C:\Program Files\Java\jdk-24\bin\jli.dll
0x00007ff98a150000 - 0x00007ff98a31c000 	C:\WINDOWS\System32\USER32.dll
0x00007ff987db0000 - 0x00007ff987dd7000 	C:\WINDOWS\System32\win32u.dll
0x00007ff974bb0000 - 0x00007ff974e47000 	C:\WINDOWS\WinSxS\amd64_microsoft.windows.common-controls_6595b64144ccf1df_6.0.26100.3624_none_3e086962e3345f24\COMCTL32.dll
0x00007ff988e70000 - 0x00007ff988e9a000 	C:\WINDOWS\System32\GDI32.dll
0x00007ff989ac0000 - 0x00007ff989b69000 	C:\WINDOWS\System32\msvcrt.dll
0x00007ff987a60000 - 0x00007ff987b91000 	C:\WINDOWS\System32\gdi32full.dll
0x00007ff9880b0000 - 0x00007ff988153000 	C:\WINDOWS\System32\msvcp_win.dll
0x00007ff98a110000 - 0x00007ff98a13f000 	C:\WINDOWS\System32\IMM32.DLL
0x00007ff984aa0000 - 0x00007ff984aac000 	C:\Program Files\Java\jdk-24\bin\vcruntime140_1.dll
0x00007ff95c9c0000 - 0x00007ff95ca4e000 	C:\Program Files\Java\jdk-24\bin\msvcp140.dll
0x00007ff8a28a0000 - 0x00007ff8a3642000 	C:\Program Files\Java\jdk-24\bin\server\jvm.dll
0x00007ff989d30000 - 0x00007ff989de2000 	C:\WINDOWS\System32\ADVAPI32.dll
0x00007ff989c20000 - 0x00007ff989cc6000 	C:\WINDOWS\System32\sechost.dll
0x00007ff988bb0000 - 0x00007ff988cc6000 	C:\WINDOWS\System32\RPCRT4.dll
0x00007ff988f90000 - 0x00007ff989004000 	C:\WINDOWS\System32\WS2_32.dll
0x00007ff986170000 - 0x00007ff9861ce000 	C:\WINDOWS\SYSTEM32\POWRPROF.dll
0x00007ff97f160000 - 0x00007ff97f16b000 	C:\WINDOWS\SYSTEM32\VERSION.dll
0x00007ff97e380000 - 0x00007ff97e3b6000 	C:\WINDOWS\SYSTEM32\WINMM.dll
0x00007ff986150000 - 0x00007ff986164000 	C:\WINDOWS\SYSTEM32\UMPDC.dll
0x00007ff986430000 - 0x00007ff98644a000 	C:\WINDOWS\SYSTEM32\kernel.appcore.dll
0x00007ff984200000 - 0x00007ff98420a000 	C:\Program Files\Java\jdk-24\bin\jimage.dll
0x00007ff984810000 - 0x00007ff984a51000 	C:\WINDOWS\SYSTEM32\DBGHELP.DLL
0x00007ff988160000 - 0x00007ff9884e2000 	C:\WINDOWS\System32\combase.dll
0x00007ff989e40000 - 0x00007ff989f16000 	C:\WINDOWS\System32\OLEAUT32.dll
0x00007ff9694b0000 - 0x00007ff9694e9000 	C:\WINDOWS\SYSTEM32\dbgcore.DLL
0x00007ff988010000 - 0x00007ff9880a9000 	C:\WINDOWS\System32\bcryptPrimitives.dll
0x00007ff984b30000 - 0x00007ff984b3f000 	C:\Program Files\Java\jdk-24\bin\instrument.dll
0x00007ff97e080000 - 0x00007ff97e09e000 	C:\Program Files\Java\jdk-24\bin\java.dll
0x00007ff988cd0000 - 0x00007ff988e66000 	C:\WINDOWS\System32\ole32.dll
0x00007ff989290000 - 0x00007ff9899b9000 	C:\WINDOWS\System32\SHELL32.dll
0x00007ff987de0000 - 0x00007ff987f48000 	C:\WINDOWS\System32\wintypes.dll
0x00007ff9851c0000 - 0x00007ff985a12000 	C:\WINDOWS\SYSTEM32\windows.storage.dll
0x00007ff989170000 - 0x00007ff98925d000 	C:\WINDOWS\System32\SHCORE.dll
0x00007ff988ea0000 - 0x00007ff988f04000 	C:\WINDOWS\System32\shlwapi.dll
0x00007ff987450000 - 0x00007ff98747f000 	C:\WINDOWS\SYSTEM32\profapi.dll
0x00007ff97bc00000 - 0x00007ff97bc17000 	C:\Program Files\Java\jdk-24\bin\zip.dll
0x00007ff9833c0000 - 0x00007ff9833d0000 	C:\Program Files\Java\jdk-24\bin\net.dll
0x00007ff986930000 - 0x00007ff98699a000 	C:\WINDOWS\system32\mswsock.dll
0x00007ff97dd50000 - 0x00007ff97dd66000 	C:\Program Files\Java\jdk-24\bin\nio.dll
0x00007ff985e40000 - 0x00007ff985f65000 	C:\WINDOWS\SYSTEM32\DNSAPI.dll
0x00007ff985db0000 - 0x00007ff985de3000 	C:\WINDOWS\SYSTEM32\IPHLPAPI.DLL
0x00007ff989280000 - 0x00007ff98928a000 	C:\WINDOWS\System32\NSI.dll
0x00007ff980d80000 - 0x00007ff980d89000 	C:\Program Files\Java\jdk-24\bin\extnet.dll
0x00007ff97f5f0000 - 0x00007ff97f5fb000 	C:\Windows\System32\rasadhlp.dll
0x00007ff9809e0000 - 0x00007ff980a65000 	C:\WINDOWS\System32\fwpuclnt.dll
0x00007ff984790000 - 0x00007ff98479a000 	C:\Program Files\Java\jdk-24\bin\management.dll
0x00007ff984770000 - 0x00007ff98477b000 	C:\Program Files\Java\jdk-24\bin\management_ext.dll
0x00007ff989f20000 - 0x00007ff989f28000 	C:\WINDOWS\System32\PSAPI.DLL
0x00007ff986ce0000 - 0x00007ff986cfc000 	C:\WINDOWS\SYSTEM32\CRYPTSP.dll
0x00007ff986390000 - 0x00007ff9863ca000 	C:\WINDOWS\system32\rsaenh.dll
0x00007ff9869d0000 - 0x00007ff9869fb000 	C:\WINDOWS\SYSTEM32\USERENV.dll
0x00007ff987420000 - 0x00007ff987446000 	C:\WINDOWS\SYSTEM32\bcrypt.dll
0x00007ff986b60000 - 0x00007ff986b6c000 	C:\WINDOWS\SYSTEM32\CRYPTBASE.dll
0x00007ff9684a0000 - 0x00007ff9684b8000 	C:\WINDOWS\system32\napinsp.dll
0x00007ff968480000 - 0x00007ff968492000 	C:\WINDOWS\System32\winrnr.dll
0x00007ff968400000 - 0x00007ff968430000 	C:\WINDOWS\system32\nlansp_c.dll
0x00007ff97e860000 - 0x00007ff97e876000 	C:\WINDOWS\system32\wshbth.dll
0x00007ff981540000 - 0x00007ff98154e000 	C:\Program Files\Java\jdk-24\bin\sunmscapi.dll
0x00007ff987ba0000 - 0x00007ff987d17000 	C:\WINDOWS\System32\CRYPT32.dll
0x00007ff986e30000 - 0x00007ff986e60000 	C:\WINDOWS\SYSTEM32\ncrypt.dll
0x00007ff986de0000 - 0x00007ff986e1f000 	C:\WINDOWS\SYSTEM32\NTASN1.dll
0x00007ff984720000 - 0x00007ff984730000 	C:\Program Files\Java\jdk-24\bin\verify.dll
0x00007ff96fd80000 - 0x00007ff96fd88000 	C:\WINDOWS\system32\wshunix.dll
0x00007ff9282d0000 - 0x00007ff9284de000 	C:\Users\thanh\AppData\Local\Temp\idea_libasyncProfiler_dll_temp_folder\libasyncProfiler.dll

dbghelp: loaded successfully - version: 4.0.5 - missing functions: none
symbol engine: initialized successfully - sym options: 0x614 - pdb path: .;C:\Program Files\Java\jdk-24\bin;C:\WINDOWS\SYSTEM32;C:\WINDOWS\WinSxS\amd64_microsoft.windows.common-controls_6595b64144ccf1df_6.0.26100.3624_none_3e086962e3345f24;C:\Program Files\Java\jdk-24\bin\server;C:\Users\thanh\AppData\Local\Temp\idea_libasyncProfiler_dll_temp_folder

VM Arguments:
jvm_args: -XX:TieredStopAtLevel=1 -Dspring.output.ansi.enabled=always -Dcom.sun.management.jmxremote -Dspring.jmx.enabled=true -Dspring.liveBeansView.mbeanDomain -Dspring.application.admin.enabled=true -Dmanagement.endpoints.jmx.exposure.include=* -javaagent:C:\Program Files\JetBrains\IntelliJ IDEA 2024.3.5\lib\idea_rt.jar=51249 -Dfile.encoding=UTF-8 -Dsun.stdout.encoding=UTF-8 -Dsun.stderr.encoding=UTF-8 
java_command: com.tathanhloc.faceattendance.FaceAttendanceApplication
java_class_path (initial): C:\wamp64\www\face-attendance-system\backend\face-attendance\target\classes;C:\Users\thanh\.m2\repository\org\springframework\boot\spring-boot-starter-web\3.4.4\spring-boot-starter-web-3.4.4.jar;C:\Users\thanh\.m2\repository\org\springframework\boot\spring-boot-starter\3.4.4\spring-boot-starter-3.4.4.jar;C:\Users\thanh\.m2\repository\org\springframework\boot\spring-boot-starter-logging\3.4.4\spring-boot-starter-logging-3.4.4.jar;C:\Users\thanh\.m2\repository\ch\qos\logback\logback-classic\1.5.18\logback-classic-1.5.18.jar;C:\Users\thanh\.m2\repository\ch\qos\logback\logback-core\1.5.18\logback-core-1.5.18.jar;C:\Users\thanh\.m2\repository\org\apache\logging\log4j\log4j-to-slf4j\2.24.3\log4j-to-slf4j-2.24.3.jar;C:\Users\thanh\.m2\repository\org\apache\logging\log4j\log4j-api\2.24.3\log4j-api-2.24.3.jar;C:\Users\thanh\.m2\repository\org\slf4j\jul-to-slf4j\2.0.17\jul-to-slf4j-2.0.17.jar;C:\Users\thanh\.m2\repository\jakarta\annotation\jakarta.annotation-api\2.1.1\jakarta.annotation-api-2.1.1.jar;C:\Users\thanh\.m2\repository\org\yaml\snakeyaml\2.3\snakeyaml-2.3.jar;C:\Users\thanh\.m2\repository\org\springframework\boot\spring-boot-starter-json\3.4.4\spring-boot-starter-json-3.4.4.jar;C:\Users\thanh\.m2\repository\com\fasterxml\jackson\datatype\jackson-datatype-jdk8\2.18.3\jackson-datatype-jdk8-2.18.3.jar;C:\Users\thanh\.m2\repository\com\fasterxml\jackson\datatype\jackson-datatype-jsr310\2.18.3\jackson-datatype-jsr310-2.18.3.jar;C:\Users\thanh\.m2\repository\com\fasterxml\jackson\module\jackson-module-parameter-names\2.18.3\jackson-module-parameter-names-2.18.3.jar;C:\Users\thanh\.m2\repository\org\springframework\boot\spring-boot-starter-tomcat\3.4.4\spring-boot-starter-tomcat-3.4.4.jar;C:\Users\thanh\.m2\repository\org\apache\tomcat\embed\tomcat-embed-core\10.1.39\tomcat-embed-core-10.1.39.jar;C:\Users\thanh\.m2\repository\org\apache\tomcat\embed\tomcat-embed-el\10.1.39\tomcat-embed-el-10.1.39.jar;C:\Users\thanh\.m2\repository\org\apache\tomcat\embed\tomcat-embed-websocket\10.1.39\tomcat-embed-websocket-10.1.39.jar;C:\Users\thanh\.m2\repository\org\springframework\spring-web\6.2.5\spring-web-6.2.5.jar;C:\Users\thanh\.m2\repository\org\springframework\spring-beans\6.2.5\spring-beans-6.2.5.jar;C:\Users\thanh\.m2\repository\org\springframework\spring-webmvc\6.2.5\spring-webmvc-6.2.5.jar;C:\Users\thanh\.m2\repository\org\springframework\spring-context\6.2.5\spring-context-6.2.5.jar;C:\Users\thanh\.m2\repository\org\springframework\spring-expression\6.2.5\spring-expression-6.2.5.jar;C:\Users\thanh\.m2\repository\org\springframework\boot\spring-boot-starter-data-jpa\3.4.4\spring-boot-starter-data-jpa-3.4.4.jar;C:\Users\thanh\.m2\repository\org\springframework\boot\spring-boot-starter-jdbc\3.4.4\spring-boot-starter-jdbc-3.4.4.jar;C:\Users\thanh\.m2\repository\com\zaxxer\HikariCP\5.1.0\HikariCP-5.1.0.jar;C:\Users\thanh\.m2\repository\org\springframework\spring-jdbc\6.2.5\spring-jdbc-6.2.5.jar;C:\Users\thanh\.m2\repository\org\hibernate\orm\hibernate-core\6.6.11.Final\hibernate-core-6.6.11.Final.jar;C:\Users\thanh\.m2\repository\jakarta\persistence\jakarta.persistence-api\3.1.0\jakarta.persistence-api-3.1.0.jar;C:\Users\thanh\.m2\repository\jakarta\transaction\jakarta.transaction-api\2.0.1\jakarta.transaction-api-2.0.1.jar;C:\Users\thanh\.m2\repository\org\jboss\logging\jboss-logging\3.6.1.Final\jboss-logging-3.6.1.Final.jar;C:\Users\thanh\.m2\repository\org\hibernate\common\hibernate-commons-annotations\7.0.3.Final\hibernate-commons-annotations-7.0.3.Final.jar;C:\Users\thanh\.m2\repository\io\smallrye\jandex\3.2.0\jandex-3.2.0.jar;C:\Users\thanh\.m2\repository\com\fasterxml\classmate\1.7.0\classmate-1.7.0.jar;C:\Users\thanh\.m2\repository\net\bytebuddy\byte-buddy\1.15.11\byte-buddy-1.15.11.jar;C:\Users\thanh\.m2\repository\org\glassfish\jaxb\jaxb-runtime\4.0.5\jaxb-runtime-4.0.5.jar;C:\Users\thanh\.m2\repository\org\glassfish\jaxb\jaxb-core\4.0.5\jaxb-core-4.0.5.jar;C:\Users\thanh\.m2\repository\org\glassfish\jaxb\txw2\4.0.5\txw2-4.0.5.jar;C:\Users\thanh\.m2\repository\com\sun\istack\istack-commons-runtime\4.1.2\istack-commons-runtime-4.1.2.jar;C:\Users\thanh\.m2\repository\jakarta\inject\jakarta.inject-api\2.0.1\jakarta.inject-api-2.0.1.jar;C:\Users\thanh\.m2\repository\org\antlr\antlr4-runtime\4.13.0\antlr4-runtime-4.13.0.jar;C:\Users\thanh\.m2\repository\org\springframework\data\spring-data-jpa\3.4.4\spring-data-jpa-3.4.4.jar;C:\Users\thanh\.m2\repository\org\springframework\data\spring-data-commons\3.4.4\spring-data-commons-3.4.4.jar;C:\Users\thanh\.m2\repository\org\springframework\spring-orm\6.2.5\spring-orm-6.2.5.jar;C:\Users\thanh\.m2\repository\org\springframework\spring-tx\6.2.5\spring-tx-6.2.5.jar;C:\Users\thanh\.m2\repository\org\springframework\spring-aspects\6.2.5\spring-aspects-6.2.5.jar;C:\Users\thanh\.m2\repository\org\aspectj\aspectjweaver\1.9.23\aspectjweaver-1.9.23.jar;C:\Users\thanh\.m2\repository\com\mysql\mysql-connector-j\9.1.0\mysql-connector-j-9.1.0.jar;C:\Users\thanh\.m2\repository\org\springframework\boot\spring-boot-starter-thymeleaf\3.4.4\spring-boot-starter-thymeleaf-3.4.4.jar;C:\Users\thanh\.m2\repository\org\thymeleaf\thymeleaf-spring6\3.1.3.RELEASE\thymeleaf-spring6-3.1.3.RELEASE.jar;C:\Users\thanh\.m2\repository\org\thymeleaf\thymeleaf\3.1.3.RELEASE\thymeleaf-3.1.3.RELEASE.jar;C:\Users\thanh\.m2\repository\org\attoparser\attoparser\2.0.7.RELEASE\attoparser-2.0.7.RELEASE.jar;C:\Users\thanh\.m2\repository\org\unbescape\unbescape\1.1.6.RELEASE\unbescape-1.1.6.RELEASE.jar;C:\Users\thanh\.m2\repository\org\thymeleaf\extras\thymeleaf-extras-springsecurity6\3.1.3.RELEASE\thymeleaf-extras-springsecurity6-3.1.3.RELEASE.jar;C:\Users\thanh\.m2\repository\org\slf4j\slf4j-api\2.0.17\slf4j-api-2.0.17.jar;C:\Users\thanh\.m2\repository\org\springframework\boot\spring-boot-starter-security\3.4.4\spring-boot-starter-security-3.4.4.jar;C:\Users\thanh\.m2\repository\org\springframework\spring-aop\6.2.5\spring-aop-6.2.5.jar;C:\Users\thanh\.m2\repository\org\springframework\security\spring-security-config\6.4.4\spring-security-config-6.4.4.jar;C:\Users\thanh\.m2\repository\org\springframework\security\spring-security-web\6.4.4\spring-security-web-6.4.4.jar;C:\Users\thanh\.m2\repository\org\springframework\boot\spring-boot-starter-oauth2-client\3.4.4\spring-boot-starter-oauth2-client-3.4.4.jar;C:\Users\thanh\.m2\repository\org\springframework\security\spring-security-core\6.4.4\spring-security-core-6.4.4.jar;C:\Users\thanh\.m2\repository\org\springframework\security\spring-security-crypto\6.4.4\spring-security-crypto-6.4.4.jar;C:\Users\thanh\.m2\repository\org\springframework\security\spring-security-oauth2-client\6.4.4\spring-security-oauth2-client-6.4.4.jar;C:\Users\thanh\.m2\repository\org\springframework\security\spring-security-oauth2-core\6.4.4\spring-security-oauth2-core-6.4.4.jar;C:\Users\thanh\.m2\repository\com\nimbusds\oauth2-oidc-sdk\9.43.6\oauth2-oidc-sdk-9.43.6.jar;C:\Users\thanh\.m2\repository\com\github\stephenc\jcip\jcip-annotations\1.0-1\jcip-annotations-1.0-1.jar;C:\Users\thanh\.m2\repository\com\nimbusds\content-type\2.2\content-type-2.2.jar;C:\Users\thanh\.m2\repository\com\nimbusds\lang-tag\1.7\lang-tag-1.7.jar;C:\Users\thanh\.m2\repository\org\springframework\security\spring-security-oauth2-jose\6.4.4\spring-security-oauth2-jose-6.4.4.jar;C:\Users\thanh\.m2\repository\com\nimbusds\nimbus-jose-jwt\9.37.3\nimbus-jose-jwt-9.37.3.jar;C:\Users\thanh\.m2\repository\org\projectlombok\lombok\1.18.38\lombok-1.18.38.jar;C:\Users\thanh\.m2\repository\org\springframework\boot\spring-boot-devtools\3.4.4\spring-boot-devtools-3.4.4.jar;C:\Users\thanh\.m2\repository\org\springframework\boot\spring-boot\3.4.4\spring-boot-3.4.4.jar;C:\Users\thanh\.m2\repository\org\springframework\boot\spring-boot-autoconfigure\3.4.4\spring-boot-autoconfigure-3.4.4.jar;C:\Users\thanh\.m2\repository\org\springframework\boot\spring-boot-configuration-processor\3.4.4\spring-boot-configuration-processor-3.4.4.jar;C:\Users\thanh\.m2\repository\jakarta\xml\bind\jakarta.xml.bind-api\4.0.2\jakarta.xml.bind-api-4.0.2.jar;C:\Users\thanh\.m2\repository\jakarta\activation\jakarta.activation-api\2.1.3\jakarta.activation-api-2.1.3.jar;C:\Users\thanh\.m2\repository\net\minidev\json-smart\2.5.2\json-smart-2.5.2.jar;C:\Users\thanh\.m2\repository\net\minidev\accessors-smart\2.5.2\accessors-smart-2.5.2.jar;C:\Users\thanh\.m2\repository\org\ow2\asm\asm\9.7.1\asm-9.7.1.jar;C:\Users\thanh\.m2\repository\org\springframework\spring-core\6.2.5\spring-core-6.2.5.jar;C:\Users\thanh\.m2\repository\org\springframework\spring-jcl\6.2.5\spring-jcl-6.2.5.jar;C:\Users\thanh\.m2\repository\org\springdoc\springdoc-openapi-starter-webmvc-ui\2.2.0\springdoc-openapi-starter-webmvc-ui-2.2.0.jar;C:\Users\thanh\.m2\repository\org\springdoc\springdoc-openapi-starter-webmvc-api\2.2.0\springdoc-openapi-starter-webmvc-api-2.2.0.jar;C:\Users\thanh\.m2\repository\org\springdoc\springdoc-openapi-starter-common\2.2.0\springdoc-openapi-starter-common-2.2.0.jar;C:\Users\thanh\.m2\repository\io\swagger\core\v3\swagger-core-jakarta\2.2.15\swagger-core-jakarta-2.2.15.jar;C:\Users\thanh\.m2\repository\org\apache\commons\commons-lang3\3.17.0\commons-lang3-3.17.0.jar;C:\Users\thanh\.m2\repository\io\swagger\core\v3\swagger-annotations-jakarta\2.2.15\swagger-annotations-jakarta-2.2.15.jar;C:\Users\thanh\.m2\repository\io\swagger\core\v3\swagger-models-jakarta\2.2.15\swagger-models-jakarta-2.2.15.jar;C:\Users\thanh\.m2\repository\jakarta\validation\jakarta.validation-api\3.0.2\jakarta.validation-api-3.0.2.jar;C:\Users\thanh\.m2\repository\com\fasterxml\jackson\dataformat\jackson-dataformat-yaml\2.18.3\jackson-dataformat-yaml-2.18.3.jar;C:\Users\thanh\.m2\repository\org\webjars\swagger-ui\5.2.0\swagger-ui-5.2.0.jar;C:\Users\thanh\.m2\repository\org\springframework\boot\spring-boot-starter-actuator\3.4.4\spring-boot-starter-actuator-3.4.4.jar;C:\Users\thanh\.m2\repository\org\springframework\boot\spring-boot-actuator-autoconfigure\3.4.4\spring-boot-actuator-autoconfigure-3.4.4.jar;C:\Users\thanh\.m2\repository\org\springframework\boot\spring-boot-actuator\3.4.4\spring-boot-actuator-3.4.4.jar;C:\Users\thanh\.m2\repository\io\micrometer\micrometer-observation\1.14.5\micrometer-observation-1.14.5.jar;C:\Users\thanh\.m2\repository\io\micrometer\micrometer-commons\1.14.5\micrometer-commons-1.14.5.jar;C:\Users\thanh\.m2\repository\io\micrometer\micrometer-jakarta9\1.14.5\micrometer-jakarta9-1.14.5.jar;C:\Users\thanh\.m2\repository\io\micrometer\micrometer-core\1.14.5\micrometer-core-1.14.5.jar;C:\Users\thanh\.m2\repository\org\hdrhistogram\HdrHistogram\2.2.2\HdrHistogram-2.2.2.jar;C:\Users\thanh\.m2\repository\org\latencyutils\LatencyUtils\2.0.3\LatencyUtils-2.0.3.jar;C:\Users\thanh\.m2\repository\org\springframework\boot\spring-boot-starter-mail\3.4.4\spring-boot-starter-mail-3.4.4.jar;C:\Users\thanh\.m2\repository\org\springframework\spring-context-support\6.2.5\spring-context-support-6.2.5.jar;C:\Users\thanh\.m2\repository\org\eclipse\angus\jakarta.mail\2.0.3\jakarta.mail-2.0.3.jar;C:\Users\thanh\.m2\repository\org\eclipse\angus\angus-activation\2.0.2\angus-activation-2.0.2.jar;C:\Users\thanh\.m2\repository\io\jsonwebtoken\jjwt-api\0.11.5\jjwt-api-0.11.5.jar;C:\Users\thanh\.m2\repository\io\jsonwebtoken\jjwt-impl\0.11.5\jjwt-impl-0.11.5.jar;C:\Users\thanh\.m2\repository\io\jsonwebtoken\jjwt-jackson\0.11.5\jjwt-jackson-0.11.5.jar;C:\Users\thanh\.m2\repository\com\fasterxml\jackson\core\jackson-databind\2.18.3\jackson-databind-2.18.3.jar;C:\Users\thanh\.m2\repository\com\fasterxml\jackson\core\jackson-annotations\2.18.3\jackson-annotations-2.18.3.jar;C:\Users\thanh\.m2\repository\com\fasterxml\jackson\core\jackson-core\2.18.3\jackson-core-2.18.3.jar;C:\Users\thanh\.m2\repository\io\jsonwebtoken\jjwt\0.9.1\jjwt-0.9.1.jar
Launcher Type: SUN_STANDARD

[Global flags]
     intx CICompilerCount                          = 12                                        {product} {ergonomic}
     uint ConcGCThreads                            = 3                                         {product} {ergonomic}
     bool FlightRecorder                           = true                                      {product} {management}
     uint G1ConcRefinementThreads                  = 13                                        {product} {ergonomic}
   size_t G1HeapRegionSize                         = 2097152                                   {product} {ergonomic}
   size_t InitialHeapSize                          = 260046848                                 {product} {ergonomic}
     bool ManagementServer                         = true                                      {product} {command line}
   size_t MarkStackSize                            = 4194304                                   {product} {ergonomic}
   size_t MarkStackSizeMax                         = 536870912                                 {product} {ergonomic}
   size_t MaxHeapSize                              = 4135583744                                {product} {ergonomic}
   size_t MaxNewSize                               = 2480930816                                {product} {ergonomic}
   size_t MinHeapDeltaBytes                        = 2097152                                   {product} {ergonomic}
   size_t MinHeapSize                              = 8388608                                   {product} {ergonomic}
    uintx NonNMethodCodeHeapSize                   = 4096                                   {pd product} {ergonomic}
    uintx NonProfiledCodeHeapSize                  = 0                                      {pd product} {ergonomic}
     bool ProfileInterpreter                       = false                                  {pd product} {command line}
    uintx ProfiledCodeHeapSize                     = 0                                      {pd product} {ergonomic}
   size_t SoftMaxHeapSize                          = 4135583744                             {manageable} {ergonomic}
     intx TieredStopAtLevel                        = 1                                         {product} {command line}
     bool UseCompressedOops                        = true                           {product lp64_product} {ergonomic}
     bool UseG1GC                                  = true                                      {product} {ergonomic}
     bool UseLargePagesIndividualAllocation        = false                                  {pd product} {ergonomic}

Logging:
Log output configuration:
 #0: stdout all=warning uptime,level,tags foldmultilines=false
 #1: stderr all=off uptime,level,tags foldmultilines=false

Environment Variables:
JAVA_HOME=C:\Program Files\Java\jdk-24
PATH=C:\Program Files\Eclipse Adoptium\jdk-21.0.6.7-hotspot\bin;C:\Program Files\Common Files\Oracle\Java\javapath;C:\Python313\Scripts\;C:\Python313\;C:\WINDOWS\system32;C:\WINDOWS;C:\WINDOWS\System32\Wbem;C:\WINDOWS\System32\WindowsPowerShell\v1.0\;C:\WINDOWS\System32\OpenSSH\;C:\Program Files\NVIDIA Corporation\NVIDIA App\NvDLISR;C:\Program Files (x86)\NVIDIA Corporation\PhysX\Common;C:\Program Files\nodejs\;C:\ProgramData\chocolatey\bin;C:\Program Files\Microsoft SQL Server\150\Tools\Binn\;C:\Program Files\Microsoft SQL Server\Client SDK\ODBC\170\Tools\Binn\;C:\Program Files\dotnet\;C:\Program Files\Git\cmd;C:\apache-maven-3.9.9\;C:\apache-maven-3.9.9\bin;%JAVA_HOME%\bin;C:\Program Files\Cloudflare\Cloudflare WARP\;C:\Users\thanh\AppData\Local\Microsoft\WindowsApps;C:\Users\thanh\AppData\Local\Programs\Microsoft VS Code\bin;C:\Users\thanh\AppData\Roaming\npm;C:\Users\thanh\.dotnet\tools;C:\Program Files\JetBrains\IntelliJ IDEA 2024.3.5\bin;
USERNAME=thanh
OS=Windows_NT
PROCESSOR_IDENTIFIER=AMD64 Family 25 Model 80 Stepping 0, AuthenticAMD
TMP=C:\Users\thanh\AppData\Local\Temp
TEMP=C:\Users\thanh\AppData\Local\Temp




Periodic native trim disabled

---------------  S Y S T E M  ---------------

OS:
 Windows 11 , 64 bit Build 26100 (10.0.26100.3775)
OS uptime: 0 days 21:46 hours
Hyper-V role detected

CPU: total 16 (initial active 16) (16 cores per cpu, 2 threads per core) family 25 model 80 stepping 0 microcode 0xa50000d, cx8, cmov, fxsr, ht, mmx, 3dnowpref, sse, sse2, sse3, ssse3, sse4a, sse4.1, sse4.2, popcnt, lzcnt, tsc, tscinvbit, avx, avx2, aes, erms, clmul, bmi1, bmi2, adx, sha, fma, vzeroupper, clflush, clflushopt, hv, rdtscp, rdpid, fsrm, f16c, cet_ss
Processor Information for the first 16 processors :
  Max Mhz: 3201, Current Mhz: 3201, Mhz Limit: 3201

Memory: 4k page, system-wide physical 15773M (843M free)
TotalPageFile size 44445M (AvailPageFile size 10625M)
current process WorkingSet (physical memory assigned to process): 316M, peak: 316M
current process commit charge ("private bytes"): 386M, peak: 386M

vm_info: Java HotSpot(TM) 64-Bit Server VM (24+36-3646) for windows-amd64 JRE (24+36-3646), built on 2025-02-06T00:20:43Z with MS VC++ 17.6 (VS2022)

END.
